[2026-06-04T09:50:04.502Z],[14180],[INFO],[async->async->getContext],[Project root: /data/data/com.termux/files/home/ToggleTalkAndroid]
[2026-06-04T09:50:04.562Z],[14180],[INFO],[async->async->getContext],[Resolved repo path: /data/data/com.termux/files/home/ToggleTalkAndroid]
[2026-06-04T09:50:04.566Z],[14180],[INFO],[async->async->getContext],[Resolved username: main-agent]
[2026-06-04T09:50:06.590Z],[14180],[INFO],[async->async->getContext->DatabaseManager_init],[Initializing DatabaseManager with path /data/data/com.termux/files/home/ToggleTalkAndroid/.task-cli-worktree/.task-cli-cache.db]
[2026-06-04T09:50:06.763Z],[14180],[INFO],[async->async->getContext],[Remote URL: https://github.com/cpdata/antigravity-toggle-talk-android-app.git]
[2026-06-04T09:50:12.101Z],[14305],[INFO],[async->async->getContext],[Project root: /data/data/com.termux/files/home/ToggleTalkAndroid]
[2026-06-04T09:50:12.126Z],[14305],[INFO],[async->async->getContext],[Resolved repo path: /data/data/com.termux/files/home/ToggleTalkAndroid]
[2026-06-04T09:50:12.130Z],[14305],[INFO],[async->async->getContext],[Resolved username: main-agent]
[2026-06-04T09:50:13.547Z],[14305],[INFO],[async->async->getContext->DatabaseManager_init],[Initializing DatabaseManager with path /data/data/com.termux/files/home/ToggleTalkAndroid/.task-cli-worktree/.task-cli-cache.db]
[2026-06-04T09:50:13.718Z],[14305],[INFO],[async->async->getContext],[Remote URL: https://github.com/cpdata/antigravity-toggle-talk-android-app.git]
[2026-06-04T20:49:45.499Z],[25357],[INFO],[async->async->getContext],[Project root: /data/data/com.termux/files/home/ToggleTalkAndroid]
[2026-06-04T20:49:45.640Z],[25357],[INFO],[async->async->getContext],[Resolved repo path: /data/data/com.termux/files/home/ToggleTalkAndroid]
[2026-06-04T20:49:45.651Z],[25357],[INFO],[async->async->getContext],[Resolved username: main-agent]
[2026-06-04T20:49:48.287Z],[25357],[INFO],[async->async->getContext->DatabaseManager_init],[Initializing DatabaseManager with path /data/data/com.termux/files/home/ToggleTalkAndroid/.task-cli-worktree/.task-cli-cache.db]
[2026-06-04T20:49:48.771Z],[25357],[INFO],[async->async->process_processTicksAndRejections->getContext],[Remote URL: https://github.com/cpdata/antigravity-toggle-talk-android-app.git]
[2026-06-04T23:38:39.932Z],[9303],[INFO],[async->async->getContext],[Project root: /data/data/com.termux/files/home/ToggleTalkAndroid]
[2026-06-04T23:38:40.048Z],[9303],[INFO],[async->async->getContext],[Resolved repo path: /data/data/com.termux/files/home/ToggleTalkAndroid]
[2026-06-04T23:38:40.067Z],[9303],[INFO],[async->async->getContext],[Resolved username: main-agent]
[2026-06-04T23:38:42.621Z],[9303],[INFO],[async->async->getContext->DatabaseManager_init],[Initializing DatabaseManager with path /data/data/com.termux/files/home/ToggleTalkAndroid/.task-cli-worktree/.task-cli-cache.db]
[2026-06-04T23:38:43.094Z],[9303],[INFO],[async->async->process_processTicksAndRejections->getContext],[Remote URL: https://github.com/cpdata/antigravity-toggle-talk-android-app.git]
[2026-06-04T23:39:35.713Z],[10729],[INFO],[async->async->getContext],[Project root: /data/data/com.termux/files/home/ToggleTalkAndroid]
[2026-06-04T23:39:35.803Z],[10729],[INFO],[async->async->getContext],[Resolved repo path: /data/data/com.termux/files/home/ToggleTalkAndroid]
[2026-06-04T23:39:35.818Z],[10729],[INFO],[async->async->getContext],[Resolved username: main-agent]
[2026-06-04T23:39:38.028Z],[10729],[INFO],[async->async->getContext->DatabaseManager_init],[Initializing DatabaseManager with path /data/data/com.termux/files/home/ToggleTalkAndroid/.task-cli-worktree/.task-cli-cache.db]
[2026-06-04T23:39:38.456Z],[10729],[INFO],[async->async->process_processTicksAndRejections->getContext],[Remote URL: https://github.com/cpdata/antigravity-toggle-talk-android-app.git]
[2026-06-04T23:39:49.040Z],[11027],[INFO],[async->async->getContext],[Project root: /data/data/com.termux/files/home/ToggleTalkAndroid]
[2026-06-04T23:39:49.097Z],[11027],[INFO],[async->async->getContext],[Resolved repo path: /data/data/com.termux/files/home/ToggleTalkAndroid]
[2026-06-04T23:39:49.112Z],[11027],[INFO],[async->async->getContext],[Resolved username: main-agent]
[2026-06-04T23:39:51.399Z],[11027],[INFO],[async->async->getContext->DatabaseManager_init],[Initializing DatabaseManager with path /data/data/com.termux/files/home/ToggleTalkAndroid/.task-cli-worktree/.task-cli-cache.db]
[2026-06-04T23:39:51.843Z],[11027],[INFO],[async->async->getContext],[Remote URL: https://github.com/cpdata/antigravity-toggle-talk-android-app.git]
[2026-06-04T23:39:51.848Z],[11027],[DEBUG],[TaskService_createGroup->TaskService_ensureSync->TaskService_spawnBackgroundSync->GlobalLogger_debug],[Spawning background sync: /data/data/com.termux/files/home/agent-task-cli/dist/index.js sync --repo /data/data/com.termux/files/home/ToggleTalkAndroid --username main-agent --pull]
[2026-06-04T23:39:51.952Z],[11027],[DEBUG],[async->TaskService_createGroup->TaskService_spawnBackgroundSync->GlobalLogger_debug],[Spawning background sync: /data/data/com.termux/files/home/agent-task-cli/dist/index.js sync --repo /data/data/com.termux/files/home/ToggleTalkAndroid --username main-agent --push Create group 77MxP9]
[2026-06-04T23:39:55.219Z],[11162],[INFO],[async->async->getContext],[Project root: /data/data/com.termux/files/home/ToggleTalkAndroid]
[2026-06-04T23:39:55.240Z],[11162],[INFO],[async->async->getContext],[Resolved repo path: /data/data/com.termux/files/home/ToggleTalkAndroid]
[2026-06-04T23:39:55.248Z],[11162],[INFO],[async->async->getContext],[Resolved username: main-agent]
[2026-06-04T23:39:55.552Z],[11164],[INFO],[async->async->getContext],[Project root: /data/data/com.termux/files/home/ToggleTalkAndroid]
[2026-06-04T23:39:55.600Z],[11164],[INFO],[async->async->getContext],[Resolved repo path: /data/data/com.termux/files/home/ToggleTalkAndroid]
[2026-06-04T23:39:55.605Z],[11164],[INFO],[async->async->getContext],[Resolved username: main-agent]
[2026-06-04T23:39:56.931Z],[11164],[DEBUG],[async->async->GitManager_pull->GlobalLogger_debug],[Sync lock active; skipping pull]
[2026-06-04T23:39:56.940Z],[11164],[INFO],[async->async->getContext->DatabaseManager_init],[Initializing DatabaseManager with path /data/data/com.termux/files/home/ToggleTalkAndroid/.task-cli-worktree/.task-cli-cache.db]
[2026-06-04T23:39:57.673Z],[11164],[INFO],[async->async->getContext],[Remote URL: https://github.com/cpdata/antigravity-toggle-talk-android-app.git]
[2026-06-04T23:39:57.678Z],[11164],[DEBUG],[async->async->GitManager_commitAndPush->GlobalLogger_debug],[Sync lock active; waiting for push...]
[2026-06-04T23:39:58.553Z],[11162],[INFO],[async->async->getContext->DatabaseManager_init],[Initializing DatabaseManager with path /data/data/com.termux/files/home/ToggleTalkAndroid/.task-cli-worktree/.task-cli-cache.db]
[2026-06-04T23:39:59.380Z],[11162],[INFO],[async->async->process_processTicksAndRejections->getContext],[Remote URL: https://github.com/cpdata/antigravity-toggle-talk-android-app.git]
[2026-06-04T23:39:59.650Z],[11162],[DEBUG],[async->async->GitManager_pull->GlobalLogger_debug],[Sync lock active; skipping pull]
[2026-06-04T23:40:01.290Z],[11299],[INFO],[async->async->getContext],[Project root: /data/data/com.termux/files/home/ToggleTalkAndroid]
[2026-06-04T23:40:01.344Z],[11299],[INFO],[async->async->getContext],[Resolved repo path: /data/data/com.termux/files/home/ToggleTalkAndroid]
[2026-06-04T23:40:01.371Z],[11299],[INFO],[async->async->getContext],[Resolved username: main-agent]
[2026-06-04T23:40:02.604Z],[11299],[DEBUG],[async->async->GitManager_pull->GlobalLogger_debug],[Sync lock active; skipping pull]
[2026-06-04T23:40:02.609Z],[11299],[INFO],[async->async->getContext->DatabaseManager_init],[Initializing DatabaseManager with path /data/data/com.termux/files/home/ToggleTalkAndroid/.task-cli-worktree/.task-cli-cache.db]
[2026-06-04T23:40:03.426Z],[11299],[INFO],[async->async->process_processTicksAndRejections->getContext],[Remote URL: https://github.com/cpdata/antigravity-toggle-talk-android-app.git]
[2026-06-04T23:40:03.452Z],[11299],[INFO],[async->Command_<anonymous>->TaskService_createTask],[Creating task: Refactor Conversation Log to Render Chronological Collapsible Bubbles and Fix Syntax Highlighting]
[2026-06-04T23:40:03.458Z],[11299],[DEBUG],[TaskService_createTask->TaskService_ensureSync->TaskService_spawnBackgroundSync->GlobalLogger_debug],[Spawning background sync: /data/data/com.termux/files/home/agent-task-cli/dist/index.js sync --repo /data/data/com.termux/files/home/ToggleTalkAndroid --username main-agent --pull]
[2026-06-04T23:40:03.567Z],[11299],[INFO],[TaskService_createTask->TaskService_generateUniqueId->DatabaseManager_getTask],[Fetching task: QBt5p7]
[2026-06-04T23:40:03.765Z],[11299],[DEBUG],[async->TaskService_createTask->TaskService_spawnBackgroundSync->GlobalLogger_debug],[Spawning background sync: /data/data/com.termux/files/home/agent-task-cli/dist/index.js sync --repo /data/data/com.termux/files/home/ToggleTalkAndroid --username main-agent --push Create task QBt5p7]
[2026-06-04T23:40:04.506Z],[11299],[INFO],[async->async->TaskService_createTask],[Task created successfully: QBt5p7]
[2026-06-04T23:40:09.112Z],[11451],[INFO],[async->async->getContext],[Project root: /data/data/com.termux/files/home/ToggleTalkAndroid]
[2026-06-04T23:40:09.196Z],[11451],[INFO],[async->async->getContext],[Resolved repo path: /data/data/com.termux/files/home/ToggleTalkAndroid]
[2026-06-04T23:40:09.228Z],[11451],[INFO],[async->async->getContext],[Resolved username: main-agent]
[2026-06-04T23:40:09.541Z],[11471],[INFO],[async->async->getContext],[Project root: /data/data/com.termux/files/home/ToggleTalkAndroid]
[2026-06-04T23:40:09.577Z],[11471],[INFO],[async->async->getContext],[Resolved repo path: /data/data/com.termux/files/home/ToggleTalkAndroid]
[2026-06-04T23:40:09.590Z],[11471],[INFO],[async->async->getContext],[Resolved username: main-agent]
[2026-06-04T23:40:11.670Z],[11451],[DEBUG],[async->async->GitManager_pull->GlobalLogger_debug],[Sync lock active; skipping pull]
[2026-06-04T23:40:11.675Z],[11451],[INFO],[async->async->getContext->DatabaseManager_init],[Initializing DatabaseManager with path /data/data/com.termux/files/home/ToggleTalkAndroid/.task-cli-worktree/.task-cli-cache.db]
[2026-06-04T23:40:11.732Z],[11471],[DEBUG],[async->async->GitManager_pull->GlobalLogger_debug],[Sync lock active; skipping pull]
[2026-06-04T23:40:11.743Z],[11471],[INFO],[async->async->getContext->DatabaseManager_init],[Initializing DatabaseManager with path /data/data/com.termux/files/home/ToggleTalkAndroid/.task-cli-worktree/.task-cli-cache.db]
[2026-06-04T23:40:12.798Z],[11471],[INFO],[async->async->getContext],[Remote URL: https://github.com/cpdata/antigravity-toggle-talk-android-app.git]
[2026-06-04T23:40:12.814Z],[11471],[DEBUG],[async->async->GitManager_commitAndPush->GlobalLogger_debug],[Sync lock active; waiting for push...]
[2026-06-04T23:40:13.029Z],[11451],[INFO],[async->async->process_processTicksAndRejections->getContext],[Remote URL: https://github.com/cpdata/antigravity-toggle-talk-android-app.git]
[2026-06-04T23:40:13.156Z],[11524],[INFO],[async->async->getContext],[Project root: /data/data/com.termux/files/home/ToggleTalkAndroid]
[2026-06-04T23:40:13.344Z],[11524],[INFO],[async->async->getContext],[Resolved repo path: /data/data/com.termux/files/home/ToggleTalkAndroid]
[2026-06-04T23:40:13.372Z],[11524],[INFO],[async->async->getContext],[Resolved username: main-agent]
[2026-06-04T23:40:13.528Z],[11451],[DEBUG],[async->async->GitManager_pull->GlobalLogger_debug],[Sync lock active; skipping pull]
[2026-06-04T23:40:15.117Z],[11524],[DEBUG],[async->async->GitManager_pull->GlobalLogger_debug],[Sync lock active; skipping pull]
[2026-06-04T23:40:15.125Z],[11524],[INFO],[async->async->getContext->DatabaseManager_init],[Initializing DatabaseManager with path /data/data/com.termux/files/home/ToggleTalkAndroid/.task-cli-worktree/.task-cli-cache.db]
[2026-06-04T23:40:16.447Z],[11524],[INFO],[async->async->getContext],[Remote URL: https://github.com/cpdata/antigravity-toggle-talk-android-app.git]
[2026-06-04T23:40:16.476Z],[11524],[INFO],[async->Command_<anonymous>->TaskService_createTask],[Creating task: Implement Markdown Link Support with Browser and Termux Nano Integration]
[2026-06-04T23:40:16.490Z],[11524],[DEBUG],[TaskService_createTask->TaskService_ensureSync->TaskService_spawnBackgroundSync->GlobalLogger_debug],[Spawning background sync: /data/data/com.termux/files/home/agent-task-cli/dist/index.js sync --repo /data/data/com.termux/files/home/ToggleTalkAndroid --username main-agent --pull]
[2026-06-04T23:40:16.558Z],[11524],[INFO],[async->TaskService_createTask->TaskService_validateDependencies->DatabaseManager_getTask],[Fetching task: QBt5p7]
[2026-06-04T23:40:16.853Z],[11524],[INFO],[TaskService_createTask->TaskService_generateUniqueId->DatabaseManager_getTask],[Fetching task: zVnHBn]
[2026-06-04T23:40:17.025Z],[11524],[DEBUG],[async->TaskService_createTask->TaskService_spawnBackgroundSync->GlobalLogger_debug],[Spawning background sync: /data/data/com.termux/files/home/agent-task-cli/dist/index.js sync --repo /data/data/com.termux/files/home/ToggleTalkAndroid --username main-agent --push Create task zVnHBn]
[2026-06-04T23:40:17.788Z],[11524],[INFO],[async->async->TaskService_createTask],[Task created successfully: zVnHBn]
[2026-06-04T23:40:23.818Z],[11665],[INFO],[async->async->getContext],[Project root: /data/data/com.termux/files/home/ToggleTalkAndroid]
[2026-06-04T23:40:23.901Z],[11665],[INFO],[async->async->getContext],[Resolved repo path: /data/data/com.termux/files/home/ToggleTalkAndroid]
[2026-06-04T23:40:23.925Z],[11665],[INFO],[async->async->getContext],[Resolved username: main-agent]
[2026-06-04T23:40:25.824Z],[11691],[INFO],[async->async->getContext],[Project root: /data/data/com.termux/files/home/ToggleTalkAndroid]
[2026-06-04T23:40:26.075Z],[11691],[INFO],[async->async->getContext],[Resolved repo path: /data/data/com.termux/files/home/ToggleTalkAndroid]
[2026-06-04T23:40:26.113Z],[11691],[INFO],[async->async->getContext],[Resolved username: main-agent]
[2026-06-04T23:40:26.204Z],[11665],[DEBUG],[async->async->GitManager_pull->GlobalLogger_debug],[Sync lock active; skipping pull]
[2026-06-04T23:40:26.208Z],[11665],[INFO],[async->async->getContext->DatabaseManager_init],[Initializing DatabaseManager with path /data/data/com.termux/files/home/ToggleTalkAndroid/.task-cli-worktree/.task-cli-cache.db]
[2026-06-04T23:40:26.293Z],[11700],[INFO],[async->async->getContext],[Project root: /data/data/com.termux/files/home/ToggleTalkAndroid]
[2026-06-04T23:40:26.455Z],[11700],[INFO],[async->async->getContext],[Resolved repo path: /data/data/com.termux/files/home/ToggleTalkAndroid]
[2026-06-04T23:40:26.493Z],[11700],[INFO],[async->async->getContext],[Resolved username: main-agent]
[2026-06-04T23:40:27.363Z],[11665],[INFO],[async->async->process_processTicksAndRejections->getContext],[Remote URL: https://github.com/cpdata/antigravity-toggle-talk-android-app.git]
[2026-06-04T23:40:27.948Z],[11665],[DEBUG],[async->async->GitManager_pull->GlobalLogger_debug],[Sync lock active; skipping pull]
[2026-06-04T23:40:29.324Z],[11691],[DEBUG],[async->async->GitManager_pull->GlobalLogger_debug],[Sync lock active; skipping pull]
[2026-06-04T23:40:29.339Z],[11691],[INFO],[async->async->getContext->DatabaseManager_init],[Initializing DatabaseManager with path /data/data/com.termux/files/home/ToggleTalkAndroid/.task-cli-worktree/.task-cli-cache.db]
[2026-06-04T23:40:29.910Z],[11700],[DEBUG],[async->async->GitManager_pull->GlobalLogger_debug],[Sync lock active; skipping pull]
[2026-06-04T23:40:29.919Z],[11700],[INFO],[async->async->getContext->DatabaseManager_init],[Initializing DatabaseManager with path /data/data/com.termux/files/home/ToggleTalkAndroid/.task-cli-worktree/.task-cli-cache.db]
[2026-06-04T23:40:31.605Z],[11700],[INFO],[async->async->process_processTicksAndRejections->getContext],[Remote URL: https://github.com/cpdata/antigravity-toggle-talk-android-app.git]
[2026-06-04T23:40:31.631Z],[11700],[DEBUG],[async->async->GitManager_commitAndPush->GlobalLogger_debug],[Sync lock active; waiting for push...]
[2026-06-04T23:40:31.626Z],[11691],[INFO],[async->async->process_processTicksAndRejections->getContext],[Remote URL: https://github.com/cpdata/antigravity-toggle-talk-android-app.git]
[2026-06-04T23:40:31.991Z],[11691],[DEBUG],[async->async->GitManager_pull->GlobalLogger_debug],[Sync lock active; skipping pull]
[2026-06-04T23:45:19.075Z],[14139],[INFO],[async->async->getContext],[Project root: /data/data/com.termux/files/home/ToggleTalkAndroid]
[2026-06-04T23:45:19.118Z],[14139],[INFO],[async->async->getContext],[Resolved repo path: /data/data/com.termux/files/home/ToggleTalkAndroid]
[2026-06-04T23:45:19.131Z],[14139],[INFO],[async->async->getContext],[Resolved username: main-agent]
[2026-06-04T23:45:20.049Z],[14139],[DEBUG],[async->async->GitManager_pull->GlobalLogger_debug],[Sync lock active; skipping pull]
[2026-06-04T23:45:20.054Z],[14139],[INFO],[async->async->getContext->DatabaseManager_init],[Initializing DatabaseManager with path /data/data/com.termux/files/home/ToggleTalkAndroid/.task-cli-worktree/.task-cli-cache.db]
[2026-06-04T23:45:20.489Z],[14139],[INFO],[async->async->getContext],[Remote URL: https://github.com/cpdata/antigravity-toggle-talk-android-app.git]
[2026-06-04T23:45:20.501Z],[14139],[INFO],[async->Command_<anonymous>->TaskService_createTask],[Creating task: Fix UI Reset and Glitchiness During Active Session Text Streaming and Input]
[2026-06-04T23:45:20.505Z],[14139],[DEBUG],[TaskService_createTask->TaskService_ensureSync->TaskService_spawnBackgroundSync->GlobalLogger_debug],[Spawning background sync: /data/data/com.termux/files/home/agent-task-cli/dist/index.js sync --repo /data/data/com.termux/files/home/ToggleTalkAndroid --username main-agent --pull]
[2026-06-04T23:45:20.527Z],[14139],[INFO],[async->TaskService_createTask->TaskService_validateDependencies->DatabaseManager_getTask],[Fetching task: QBt5p7]
[2026-06-04T23:45:20.588Z],[14139],[INFO],[TaskService_createTask->TaskService_generateUniqueId->DatabaseManager_getTask],[Fetching task: GwYv6M]
[2026-06-04T23:45:20.644Z],[14139],[DEBUG],[async->TaskService_createTask->TaskService_spawnBackgroundSync->GlobalLogger_debug],[Spawning background sync: /data/data/com.termux/files/home/agent-task-cli/dist/index.js sync --repo /data/data/com.termux/files/home/ToggleTalkAndroid --username main-agent --push Create task GwYv6M]
[2026-06-04T23:45:20.985Z],[14139],[INFO],[async->async->TaskService_createTask],[Task created successfully: GwYv6M]
[2026-06-04T23:45:23.535Z],[14179],[INFO],[async->async->getContext],[Project root: /data/data/com.termux/files/home/ToggleTalkAndroid]
[2026-06-04T23:45:23.560Z],[14179],[INFO],[async->async->getContext],[Resolved repo path: /data/data/com.termux/files/home/ToggleTalkAndroid]
[2026-06-04T23:45:23.566Z],[14179],[INFO],[async->async->getContext],[Resolved username: main-agent]
[2026-06-04T23:45:23.584Z],[14181],[INFO],[async->async->getContext],[Project root: /data/data/com.termux/files/home/ToggleTalkAndroid]
[2026-06-04T23:45:23.616Z],[14181],[INFO],[async->async->getContext],[Resolved repo path: /data/data/com.termux/files/home/ToggleTalkAndroid]
[2026-06-04T23:45:23.628Z],[14181],[INFO],[async->async->getContext],[Resolved username: main-agent]
[2026-06-04T23:45:24.755Z],[14179],[DEBUG],[async->async->GitManager_pull->GlobalLogger_debug],[Sync lock active; skipping pull]
[2026-06-04T23:45:24.755Z],[14181],[DEBUG],[async->async->GitManager_pull->GlobalLogger_debug],[Sync lock active; skipping pull]
[2026-06-04T23:45:24.759Z],[14181],[INFO],[async->async->getContext->DatabaseManager_init],[Initializing DatabaseManager with path /data/data/com.termux/files/home/ToggleTalkAndroid/.task-cli-worktree/.task-cli-cache.db]
[2026-06-04T23:45:24.759Z],[14179],[INFO],[async->async->getContext->DatabaseManager_init],[Initializing DatabaseManager with path /data/data/com.termux/files/home/ToggleTalkAndroid/.task-cli-worktree/.task-cli-cache.db]
[2026-06-04T23:45:25.434Z],[14181],[INFO],[async->async->getContext],[Remote URL: https://github.com/cpdata/antigravity-toggle-talk-android-app.git]
[2026-06-04T23:45:25.444Z],[14181],[DEBUG],[async->async->GitManager_commitAndPush->GlobalLogger_debug],[Sync lock active; waiting for push...]
[2026-06-04T23:45:25.441Z],[14179],[INFO],[async->async->getContext],[Remote URL: https://github.com/cpdata/antigravity-toggle-talk-android-app.git]
[2026-06-04T23:47:03.156Z],[15234],[INFO],[async->async->getContext],[Project root: /data/data/com.termux/files/home/ToggleTalkAndroid]
[2026-06-04T23:47:03.191Z],[15234],[INFO],[async->async->getContext],[Resolved repo path: /data/data/com.termux/files/home/ToggleTalkAndroid]
[2026-06-04T23:47:03.205Z],[15234],[INFO],[async->async->getContext],[Resolved username: main-agent]
[2026-06-04T23:47:03.380Z],[15234],[DEBUG],[async->async->GitManager_pull->GlobalLogger_debug],[Sync lock active; skipping pull]
[2026-06-04T23:47:03.381Z],[15234],[INFO],[async->async->getContext->DatabaseManager_init],[Initializing DatabaseManager with path /data/data/com.termux/files/home/ToggleTalkAndroid/.task-cli-worktree/.task-cli-cache.db]
[2026-06-04T23:47:03.527Z],[15234],[INFO],[async->async->getContext],[Remote URL: https://github.com/cpdata/antigravity-toggle-talk-android-app.git]
[2026-06-04T23:47:03.550Z],[15234],[DEBUG],[async->async->GitManager_pull->GlobalLogger_debug],[Sync lock active; skipping pull]
[2026-06-04T23:47:04.681Z],[15255],[INFO],[async->async->getContext],[Project root: /data/data/com.termux/files/home/ToggleTalkAndroid]
[2026-06-04T23:47:04.721Z],[15255],[INFO],[async->async->getContext],[Resolved repo path: /data/data/com.termux/files/home/ToggleTalkAndroid]
[2026-06-04T23:47:04.728Z],[15255],[INFO],[async->async->getContext],[Resolved username: main-agent]
[2026-06-04T23:47:04.929Z],[15255],[DEBUG],[async->async->GitManager_pull->GlobalLogger_debug],[Sync lock active; skipping pull]
[2026-06-04T23:47:04.932Z],[15255],[INFO],[async->async->getContext->DatabaseManager_init],[Initializing DatabaseManager with path /data/data/com.termux/files/home/ToggleTalkAndroid/.task-cli-worktree/.task-cli-cache.db]
[2026-06-04T23:47:05.091Z],[15255],[INFO],[async->async->getContext],[Remote URL: https://github.com/cpdata/antigravity-toggle-talk-android-app.git]
[2026-06-04T23:47:05.113Z],[15255],[DEBUG],[async->async->GitManager_pull->GlobalLogger_debug],[Sync lock active; skipping pull]
[2026-06-04T23:47:27.428Z],[15357],[INFO],[async->async->getContext],[Project root: /data/data/com.termux/files/home/ToggleTalkAndroid]
[2026-06-04T23:47:27.473Z],[15357],[INFO],[async->async->getContext],[Resolved repo path: /data/data/com.termux/files/home/ToggleTalkAndroid]
[2026-06-04T23:47:27.477Z],[15357],[INFO],[async->async->getContext],[Resolved username: main-agent]
[2026-06-04T23:47:27.651Z],[15357],[DEBUG],[async->async->GitManager_pull->GlobalLogger_debug],[Sync lock active; skipping pull]
[2026-06-04T23:47:27.653Z],[15357],[INFO],[async->async->getContext->DatabaseManager_init],[Initializing DatabaseManager with path /data/data/com.termux/files/home/ToggleTalkAndroid/.task-cli-worktree/.task-cli-cache.db]
[2026-06-04T23:47:27.790Z],[15357],[INFO],[async->async->getContext],[Remote URL: https://github.com/cpdata/antigravity-toggle-talk-android-app.git]
[2026-06-04T23:47:27.815Z],[15357],[DEBUG],[async->async->GitManager_pull->GlobalLogger_debug],[Sync lock active; skipping pull]
[2026-06-04T23:47:28.555Z],[15357],[DEBUG],[async->async->GitManager_pull->GlobalLogger_debug],[Sync lock active; skipping pull]
[2026-06-04T23:47:57.785Z],[15357],[DEBUG],[TaskService_approve->TaskService_ensureSync->TaskService_spawnBackgroundSync->GlobalLogger_debug],[Spawning background sync: /data/data/com.termux/files/home/agent-task-cli/dist/index.js sync --repo /data/data/com.termux/files/home/ToggleTalkAndroid --username main-agent --pull]
[2026-06-04T23:47:57.795Z],[15357],[INFO],[async->process_processTicksAndRejections->TaskService_approve->DatabaseManager_getTask],[Fetching task: GwYv6M]
[2026-06-04T23:47:57.798Z],[15357],[INFO],[process_processTicksAndRejections->TaskService_approve->TaskService_updateTaskInternal->DatabaseManager_getTask],[Fetching task: GwYv6M]
[2026-06-04T23:47:57.820Z],[15357],[DEBUG],[async->TaskService_updateTaskInternal->TaskService_spawnBackgroundSync->GlobalLogger_debug],[Spawning background sync: /data/data/com.termux/files/home/agent-task-cli/dist/index.js sync --repo /data/data/com.termux/files/home/ToggleTalkAndroid --username main-agent --push Approve task GwYv6M]
[2026-06-04T23:47:57.934Z],[15357],[DEBUG],[async->async->GitManager_pull->GlobalLogger_debug],[Sync lock active; skipping pull]
[2026-06-04T23:47:58.604Z],[15416],[INFO],[async->async->getContext],[Project root: /data/data/com.termux/files/home/ToggleTalkAndroid]
[2026-06-04T23:47:58.609Z],[15416],[INFO],[async->async->getContext],[Resolved repo path: /data/data/com.termux/files/home/ToggleTalkAndroid]
[2026-06-04T23:47:58.610Z],[15416],[INFO],[async->async->getContext],[Resolved username: main-agent]
[2026-06-04T23:47:58.672Z],[15422],[INFO],[async->async->getContext],[Project root: /data/data/com.termux/files/home/ToggleTalkAndroid]
[2026-06-04T23:47:58.678Z],[15422],[INFO],[async->async->getContext],[Resolved repo path: /data/data/com.termux/files/home/ToggleTalkAndroid]
[2026-06-04T23:47:58.679Z],[15422],[INFO],[async->async->getContext],[Resolved username: main-agent]
[2026-06-04T23:47:58.807Z],[15416],[DEBUG],[async->async->GitManager_pull->GlobalLogger_debug],[Sync lock active; skipping pull]
[2026-06-04T23:47:58.809Z],[15416],[INFO],[async->async->getContext->DatabaseManager_init],[Initializing DatabaseManager with path /data/data/com.termux/files/home/ToggleTalkAndroid/.task-cli-worktree/.task-cli-cache.db]
[2026-06-04T23:47:58.870Z],[15422],[DEBUG],[async->async->GitManager_pull->GlobalLogger_debug],[Sync lock active; skipping pull]
[2026-06-04T23:47:58.872Z],[15422],[INFO],[async->async->getContext->DatabaseManager_init],[Initializing DatabaseManager with path /data/data/com.termux/files/home/ToggleTalkAndroid/.task-cli-worktree/.task-cli-cache.db]
[2026-06-04T23:47:58.943Z],[15416],[INFO],[async->async->getContext],[Remote URL: https://github.com/cpdata/antigravity-toggle-talk-android-app.git]
[2026-06-04T23:47:58.969Z],[15416],[DEBUG],[async->async->GitManager_pull->GlobalLogger_debug],[Sync lock active; skipping pull]
[2026-06-04T23:47:59.026Z],[15422],[INFO],[async->async->getContext],[Remote URL: https://github.com/cpdata/antigravity-toggle-talk-android-app.git]
[2026-06-04T23:47:59.028Z],[15422],[DEBUG],[async->async->GitManager_commitAndPush->GlobalLogger_debug],[Sync lock active; waiting for push...]
[2026-06-04T23:48:07.413Z],[15357],[DEBUG],[TaskService_approve->TaskService_ensureSync->TaskService_spawnBackgroundSync->GlobalLogger_debug],[Spawning background sync: /data/data/com.termux/files/home/agent-task-cli/dist/index.js sync --repo /data/data/com.termux/files/home/ToggleTalkAndroid --username main-agent --pull]
[2026-06-04T23:48:07.425Z],[15357],[INFO],[async->process_processTicksAndRejections->TaskService_approve->DatabaseManager_getTask],[Fetching task: zVnHBn]
[2026-06-04T23:48:07.427Z],[15357],[INFO],[process_processTicksAndRejections->TaskService_approve->TaskService_updateTaskInternal->DatabaseManager_getTask],[Fetching task: zVnHBn]
[2026-06-04T23:48:07.432Z],[15357],[DEBUG],[async->TaskService_updateTaskInternal->TaskService_spawnBackgroundSync->GlobalLogger_debug],[Spawning background sync: /data/data/com.termux/files/home/agent-task-cli/dist/index.js sync --repo /data/data/com.termux/files/home/ToggleTalkAndroid --username main-agent --push Approve task zVnHBn]
[2026-06-04T23:48:08.229Z],[15461],[INFO],[async->async->getContext],[Project root: /data/data/com.termux/files/home/ToggleTalkAndroid]
[2026-06-04T23:48:08.232Z],[15461],[INFO],[async->async->getContext],[Resolved repo path: /data/data/com.termux/files/home/ToggleTalkAndroid]
[2026-06-04T23:48:08.233Z],[15461],[INFO],[async->async->getContext],[Resolved username: main-agent]
[2026-06-04T23:48:08.237Z],[15462],[INFO],[async->async->getContext],[Project root: /data/data/com.termux/files/home/ToggleTalkAndroid]
[2026-06-04T23:48:08.241Z],[15462],[INFO],[async->async->getContext],[Resolved repo path: /data/data/com.termux/files/home/ToggleTalkAndroid]
[2026-06-04T23:48:08.242Z],[15462],[INFO],[async->async->getContext],[Resolved username: main-agent]
[2026-06-04T23:48:08.408Z],[15461],[DEBUG],[async->async->GitManager_pull->GlobalLogger_debug],[Sync lock active; skipping pull]
[2026-06-04T23:48:08.410Z],[15461],[INFO],[async->async->getContext->DatabaseManager_init],[Initializing DatabaseManager with path /data/data/com.termux/files/home/ToggleTalkAndroid/.task-cli-worktree/.task-cli-cache.db]
[2026-06-04T23:48:08.503Z],[15461],[INFO],[async->async->getContext],[Remote URL: https://github.com/cpdata/antigravity-toggle-talk-android-app.git]
[2026-06-04T23:48:08.519Z],[15461],[DEBUG],[async->async->GitManager_pull->GlobalLogger_debug],[Sync lock active; skipping pull]
[2026-06-04T23:48:08.904Z],[15462],[INFO],[async->async->getContext->DatabaseManager_init],[Initializing DatabaseManager with path /data/data/com.termux/files/home/ToggleTalkAndroid/.task-cli-worktree/.task-cli-cache.db]
[2026-06-04T23:48:09.026Z],[15462],[INFO],[async->async->getContext],[Remote URL: https://github.com/cpdata/antigravity-toggle-talk-android-app.git]
[2026-06-04T23:48:23.586Z],[15357],[DEBUG],[TaskService_approve->TaskService_ensureSync->TaskService_spawnBackgroundSync->GlobalLogger_debug],[Spawning background sync: /data/data/com.termux/files/home/agent-task-cli/dist/index.js sync --repo /data/data/com.termux/files/home/ToggleTalkAndroid --username main-agent --pull]
[2026-06-04T23:48:23.599Z],[15357],[INFO],[async->process_processTicksAndRejections->TaskService_approve->DatabaseManager_getTask],[Fetching task: QBt5p7]
[2026-06-04T23:48:23.601Z],[15357],[INFO],[process_processTicksAndRejections->TaskService_approve->TaskService_updateTaskInternal->DatabaseManager_getTask],[Fetching task: QBt5p7]
[2026-06-04T23:48:23.603Z],[15357],[DEBUG],[async->TaskService_updateTaskInternal->TaskService_spawnBackgroundSync->GlobalLogger_debug],[Spawning background sync: /data/data/com.termux/files/home/agent-task-cli/dist/index.js sync --repo /data/data/com.termux/files/home/ToggleTalkAndroid --username main-agent --push Approve task QBt5p7]
[2026-06-04T23:48:24.148Z],[15575],[INFO],[async->async->getContext],[Project root: /data/data/com.termux/files/home/ToggleTalkAndroid]
[2026-06-04T23:48:24.153Z],[15575],[INFO],[async->async->getContext],[Resolved repo path: /data/data/com.termux/files/home/ToggleTalkAndroid]
[2026-06-04T23:48:24.153Z],[15575],[INFO],[async->async->getContext],[Resolved username: main-agent]
[2026-06-04T23:48:24.188Z],[15576],[INFO],[async->async->getContext],[Project root: /data/data/com.termux/files/home/ToggleTalkAndroid]
[2026-06-04T23:48:24.192Z],[15576],[INFO],[async->async->getContext],[Resolved repo path: /data/data/com.termux/files/home/ToggleTalkAndroid]
[2026-06-04T23:48:24.192Z],[15576],[INFO],[async->async->getContext],[Resolved username: main-agent]
[2026-06-04T23:48:24.357Z],[15576],[DEBUG],[async->async->GitManager_pull->GlobalLogger_debug],[Sync lock active; skipping pull]
[2026-06-04T23:48:24.358Z],[15576],[INFO],[async->async->getContext->DatabaseManager_init],[Initializing DatabaseManager with path /data/data/com.termux/files/home/ToggleTalkAndroid/.task-cli-worktree/.task-cli-cache.db]
[2026-06-04T23:48:24.468Z],[15576],[INFO],[async->async->getContext],[Remote URL: https://github.com/cpdata/antigravity-toggle-talk-android-app.git]
[2026-06-04T23:48:24.470Z],[15576],[DEBUG],[async->async->GitManager_commitAndPush->GlobalLogger_debug],[Sync lock active; waiting for push...]
[2026-06-04T23:48:24.842Z],[15575],[INFO],[async->async->getContext->DatabaseManager_init],[Initializing DatabaseManager with path /data/data/com.termux/files/home/ToggleTalkAndroid/.task-cli-worktree/.task-cli-cache.db]
[2026-06-04T23:48:24.935Z],[15575],[INFO],[async->async->process_processTicksAndRejections->getContext],[Remote URL: https://github.com/cpdata/antigravity-toggle-talk-android-app.git]
[2026-06-04T23:48:27.759Z],[15690],[INFO],[async->async->getContext],[Project root: /data/data/com.termux/files/home/ToggleTalkAndroid]
[2026-06-04T23:48:27.786Z],[15690],[INFO],[async->async->getContext],[Resolved repo path: /data/data/com.termux/files/home/ToggleTalkAndroid]
[2026-06-04T23:48:27.789Z],[15690],[INFO],[async->async->getContext],[Resolved username: main-agent]
[2026-06-04T23:48:28.525Z],[15690],[INFO],[async->async->getContext->DatabaseManager_init],[Initializing DatabaseManager with path /data/data/com.termux/files/home/ToggleTalkAndroid/.task-cli-worktree/.task-cli-cache.db]
[2026-06-04T23:48:28.634Z],[15690],[INFO],[async->async->process_processTicksAndRejections->getContext],[Remote URL: https://github.com/cpdata/antigravity-toggle-talk-android-app.git]
[2026-06-04T23:48:30.008Z],[15772],[INFO],[async->async->getContext],[Project root: /data/data/com.termux/files/home/ToggleTalkAndroid]
[2026-06-04T23:48:30.042Z],[15772],[INFO],[async->async->getContext],[Resolved repo path: /data/data/com.termux/files/home/ToggleTalkAndroid]
[2026-06-04T23:48:30.046Z],[15772],[INFO],[async->async->getContext],[Resolved username: main-agent]
[2026-06-04T23:48:30.756Z],[15772],[INFO],[async->async->getContext->DatabaseManager_init],[Initializing DatabaseManager with path /data/data/com.termux/files/home/ToggleTalkAndroid/.task-cli-worktree/.task-cli-cache.db]
[2026-06-04T23:48:30.858Z],[15772],[INFO],[async->async->getContext],[Remote URL: https://github.com/cpdata/antigravity-toggle-talk-android-app.git]
[2026-06-04T23:56:05.021Z],[17982],[INFO],[async->async->getContext],[Project root: /data/data/com.termux/files/home/ToggleTalkAndroid]
[2026-06-04T23:56:05.079Z],[17982],[INFO],[async->async->getContext],[Resolved repo path: /data/data/com.termux/files/home/ToggleTalkAndroid]
[2026-06-04T23:56:05.097Z],[17982],[INFO],[async->async->getContext],[Resolved username: main-agent]
[2026-06-04T23:56:07.476Z],[17982],[INFO],[async->async->getContext->DatabaseManager_init],[Initializing DatabaseManager with path /data/data/com.termux/files/home/ToggleTalkAndroid/.task-cli-worktree/.task-cli-cache.db]
[2026-06-04T23:56:07.926Z],[17982],[INFO],[async->async->process_processTicksAndRejections->getContext],[Remote URL: https://github.com/cpdata/antigravity-toggle-talk-android-app.git]
[2026-06-04T23:56:07.931Z],[17982],[INFO],[async->process_processTicksAndRejections->Command_<anonymous>->TaskService_claimTask],[Agent main-agent attempting to claim a task]
[2026-06-04T23:56:09.743Z],[17982],[INFO],[async->TaskService_claimTask->TaskService_resolveEffectiveAssignment->DatabaseManager_getTask],[Fetching task: GwYv6M]
[2026-06-04T23:56:09.748Z],[17982],[INFO],[async->TaskService_claimTask->TaskService_isTaskBlocked->DatabaseManager_getTask],[Fetching task: GwYv6M]
[2026-06-04T23:56:09.752Z],[17982],[INFO],[async->async->TaskService_isTaskBlocked->DatabaseManager_getTask],[Fetching task: QBt5p7]
[2026-06-04T23:56:09.755Z],[17982],[INFO],[async->TaskService_isTaskBlocked->TaskService_hasCycle->DatabaseManager_getTask],[Fetching task: QBt5p7]
[2026-06-04T23:56:09.757Z],[17982],[INFO],[async->TaskService_claimTask->TaskService_resolveEffectiveAssignment->DatabaseManager_getTask],[Fetching task: zVnHBn]
[2026-06-04T23:56:09.759Z],[17982],[INFO],[async->TaskService_claimTask->TaskService_isTaskBlocked->DatabaseManager_getTask],[Fetching task: zVnHBn]
[2026-06-04T23:56:09.763Z],[17982],[INFO],[async->async->TaskService_isTaskBlocked->DatabaseManager_getTask],[Fetching task: QBt5p7]
[2026-06-04T23:56:09.766Z],[17982],[INFO],[async->TaskService_isTaskBlocked->TaskService_hasCycle->DatabaseManager_getTask],[Fetching task: QBt5p7]
[2026-06-04T23:56:09.772Z],[17982],[INFO],[async->TaskService_claimTask->TaskService_resolveEffectiveAssignment->DatabaseManager_getTask],[Fetching task: QBt5p7]
[2026-06-04T23:56:09.777Z],[17982],[INFO],[async->TaskService_claimTask->TaskService_isTaskBlocked->DatabaseManager_getTask],[Fetching task: QBt5p7]
[2026-06-04T23:56:09.785Z],[17982],[INFO],[async->TaskService_claimTask->TaskService_updateTaskInternal->DatabaseManager_getTask],[Fetching task: QBt5p7]
[2026-06-04T23:56:09.979Z],[17982],[DEBUG],[async->async->TaskService_claimTask->GlobalLogger_debug],[Collision detected claiming QBt5p7; retrying...]
[2026-06-04T23:56:11.577Z],[17982],[INFO],[async->TaskService_claimTask->TaskService_resolveEffectiveAssignment->DatabaseManager_getTask],[Fetching task: GwYv6M]
[2026-06-04T23:56:11.580Z],[17982],[INFO],[async->TaskService_claimTask->TaskService_isTaskBlocked->DatabaseManager_getTask],[Fetching task: GwYv6M]
[2026-06-04T23:56:11.582Z],[17982],[INFO],[async->async->TaskService_isTaskBlocked->DatabaseManager_getTask],[Fetching task: QBt5p7]
[2026-06-04T23:56:11.586Z],[17982],[INFO],[async->TaskService_isTaskBlocked->TaskService_hasCycle->DatabaseManager_getTask],[Fetching task: QBt5p7]
[2026-06-04T23:56:11.588Z],[17982],[INFO],[async->TaskService_claimTask->TaskService_resolveEffectiveAssignment->DatabaseManager_getTask],[Fetching task: zVnHBn]
[2026-06-04T23:56:11.590Z],[17982],[INFO],[async->TaskService_claimTask->TaskService_isTaskBlocked->DatabaseManager_getTask],[Fetching task: zVnHBn]
[2026-06-04T23:56:11.592Z],[17982],[INFO],[async->async->TaskService_isTaskBlocked->DatabaseManager_getTask],[Fetching task: QBt5p7]
[2026-06-04T23:56:11.593Z],[17982],[INFO],[async->TaskService_isTaskBlocked->TaskService_hasCycle->DatabaseManager_getTask],[Fetching task: QBt5p7]
[2026-06-04T23:56:11.595Z],[17982],[INFO],[async->TaskService_claimTask->TaskService_resolveEffectiveAssignment->DatabaseManager_getTask],[Fetching task: QBt5p7]
[2026-06-04T23:56:11.597Z],[17982],[INFO],[async->TaskService_claimTask->TaskService_isTaskBlocked->DatabaseManager_getTask],[Fetching task: QBt5p7]
[2026-06-04T23:56:11.599Z],[17982],[INFO],[async->TaskService_claimTask->TaskService_updateTaskInternal->DatabaseManager_getTask],[Fetching task: QBt5p7]
[2026-06-04T23:56:11.748Z],[17982],[DEBUG],[async->async->TaskService_claimTask->GlobalLogger_debug],[Collision detected claiming QBt5p7; retrying...]
[2026-06-04T23:56:13.377Z],[17982],[INFO],[async->TaskService_claimTask->TaskService_resolveEffectiveAssignment->DatabaseManager_getTask],[Fetching task: GwYv6M]
[2026-06-04T23:56:13.381Z],[17982],[INFO],[async->TaskService_claimTask->TaskService_isTaskBlocked->DatabaseManager_getTask],[Fetching task: GwYv6M]
[2026-06-04T23:56:13.383Z],[17982],[INFO],[async->async->TaskService_isTaskBlocked->DatabaseManager_getTask],[Fetching task: QBt5p7]
[2026-06-04T23:56:13.385Z],[17982],[INFO],[async->TaskService_isTaskBlocked->TaskService_hasCycle->DatabaseManager_getTask],[Fetching task: QBt5p7]
[2026-06-04T23:56:13.387Z],[17982],[INFO],[async->TaskService_claimTask->TaskService_resolveEffectiveAssignment->DatabaseManager_getTask],[Fetching task: zVnHBn]
[2026-06-04T23:56:13.389Z],[17982],[INFO],[async->TaskService_claimTask->TaskService_isTaskBlocked->DatabaseManager_getTask],[Fetching task: zVnHBn]
[2026-06-04T23:56:13.390Z],[17982],[INFO],[async->async->TaskService_isTaskBlocked->DatabaseManager_getTask],[Fetching task: QBt5p7]
[2026-06-04T23:56:13.392Z],[17982],[INFO],[async->TaskService_isTaskBlocked->TaskService_hasCycle->DatabaseManager_getTask],[Fetching task: QBt5p7]
[2026-06-04T23:56:13.394Z],[17982],[INFO],[async->TaskService_claimTask->TaskService_resolveEffectiveAssignment->DatabaseManager_getTask],[Fetching task: QBt5p7]
[2026-06-04T23:56:13.397Z],[17982],[INFO],[async->TaskService_claimTask->TaskService_isTaskBlocked->DatabaseManager_getTask],[Fetching task: QBt5p7]
[2026-06-04T23:56:13.399Z],[17982],[INFO],[async->TaskService_claimTask->TaskService_updateTaskInternal->DatabaseManager_getTask],[Fetching task: QBt5p7]
[2026-06-04T23:56:13.546Z],[17982],[DEBUG],[async->async->TaskService_claimTask->GlobalLogger_debug],[Collision detected claiming QBt5p7; retrying...]
[2026-06-04T23:56:15.162Z],[17982],[INFO],[async->TaskService_claimTask->TaskService_resolveEffectiveAssignment->DatabaseManager_getTask],[Fetching task: GwYv6M]
[2026-06-04T23:56:15.169Z],[17982],[INFO],[async->TaskService_claimTask->TaskService_isTaskBlocked->DatabaseManager_getTask],[Fetching task: GwYv6M]
[2026-06-04T23:56:15.171Z],[17982],[INFO],[async->async->TaskService_isTaskBlocked->DatabaseManager_getTask],[Fetching task: QBt5p7]
[2026-06-04T23:56:15.173Z],[17982],[INFO],[async->TaskService_isTaskBlocked->TaskService_hasCycle->DatabaseManager_getTask],[Fetching task: QBt5p7]
[2026-06-04T23:56:15.175Z],[17982],[INFO],[async->TaskService_claimTask->TaskService_resolveEffectiveAssignment->DatabaseManager_getTask],[Fetching task: zVnHBn]
[2026-06-04T23:56:15.177Z],[17982],[INFO],[async->TaskService_claimTask->TaskService_isTaskBlocked->DatabaseManager_getTask],[Fetching task: zVnHBn]
[2026-06-04T23:56:15.179Z],[17982],[INFO],[async->async->TaskService_isTaskBlocked->DatabaseManager_getTask],[Fetching task: QBt5p7]
[2026-06-04T23:56:15.181Z],[17982],[INFO],[async->TaskService_isTaskBlocked->TaskService_hasCycle->DatabaseManager_getTask],[Fetching task: QBt5p7]
[2026-06-04T23:56:15.183Z],[17982],[INFO],[async->TaskService_claimTask->TaskService_resolveEffectiveAssignment->DatabaseManager_getTask],[Fetching task: QBt5p7]
[2026-06-04T23:56:15.185Z],[17982],[INFO],[async->TaskService_claimTask->TaskService_isTaskBlocked->DatabaseManager_getTask],[Fetching task: QBt5p7]
[2026-06-04T23:56:15.188Z],[17982],[INFO],[async->TaskService_claimTask->TaskService_updateTaskInternal->DatabaseManager_getTask],[Fetching task: QBt5p7]
[2026-06-04T23:56:15.330Z],[17982],[DEBUG],[async->async->TaskService_claimTask->GlobalLogger_debug],[Collision detected claiming QBt5p7; retrying...]
[2026-06-04T23:56:16.942Z],[17982],[INFO],[async->TaskService_claimTask->TaskService_resolveEffectiveAssignment->DatabaseManager_getTask],[Fetching task: GwYv6M]
[2026-06-04T23:56:16.945Z],[17982],[INFO],[async->TaskService_claimTask->TaskService_isTaskBlocked->DatabaseManager_getTask],[Fetching task: GwYv6M]
[2026-06-04T23:56:16.947Z],[17982],[INFO],[async->async->TaskService_isTaskBlocked->DatabaseManager_getTask],[Fetching task: QBt5p7]
[2026-06-04T23:56:16.949Z],[17982],[INFO],[async->TaskService_isTaskBlocked->TaskService_hasCycle->DatabaseManager_getTask],[Fetching task: QBt5p7]
[2026-06-04T23:56:16.952Z],[17982],[INFO],[async->TaskService_claimTask->TaskService_resolveEffectiveAssignment->DatabaseManager_getTask],[Fetching task: zVnHBn]
[2026-06-04T23:56:16.956Z],[17982],[INFO],[async->TaskService_claimTask->TaskService_isTaskBlocked->DatabaseManager_getTask],[Fetching task: zVnHBn]
[2026-06-04T23:56:16.958Z],[17982],[INFO],[async->async->TaskService_isTaskBlocked->DatabaseManager_getTask],[Fetching task: QBt5p7]
[2026-06-04T23:56:16.960Z],[17982],[INFO],[async->TaskService_isTaskBlocked->TaskService_hasCycle->DatabaseManager_getTask],[Fetching task: QBt5p7]
[2026-06-04T23:56:16.962Z],[17982],[INFO],[async->TaskService_claimTask->TaskService_resolveEffectiveAssignment->DatabaseManager_getTask],[Fetching task: QBt5p7]
[2026-06-04T23:56:16.964Z],[17982],[INFO],[async->TaskService_claimTask->TaskService_isTaskBlocked->DatabaseManager_getTask],[Fetching task: QBt5p7]
[2026-06-04T23:56:16.966Z],[17982],[INFO],[async->TaskService_claimTask->TaskService_updateTaskInternal->DatabaseManager_getTask],[Fetching task: QBt5p7]
[2026-06-04T23:56:17.103Z],[17982],[DEBUG],[async->async->TaskService_claimTask->GlobalLogger_debug],[Collision detected claiming QBt5p7; retrying...]
[2026-06-04T23:56:17.105Z],[17982],[ERROR],[async->async->TaskService_claimTask->GlobalLogger_error],[Failed to claim task after 5 attempts.]
[2026-06-04T23:56:23.180Z],[18261],[INFO],[async->async->getContext],[Project root: /data/data/com.termux/files/home/ToggleTalkAndroid]
[2026-06-04T23:56:23.307Z],[18261],[INFO],[async->async->getContext],[Resolved repo path: /data/data/com.termux/files/home/ToggleTalkAndroid]
[2026-06-04T23:56:23.318Z],[18261],[INFO],[async->async->getContext],[Resolved username: main-agent]
[2026-06-04T23:56:25.628Z],[18261],[INFO],[async->async->getContext->DatabaseManager_init],[Initializing DatabaseManager with path /data/data/com.termux/files/home/ToggleTalkAndroid/.task-cli-worktree/.task-cli-cache.db]
[2026-06-04T23:56:26.061Z],[18261],[INFO],[async->async->process_processTicksAndRejections->getContext],[Remote URL: https://github.com/cpdata/antigravity-toggle-talk-android-app.git]
[2026-06-04T23:56:26.067Z],[18261],[INFO],[async->process_processTicksAndRejections->Command_<anonymous>->TaskService_claimTask],[Agent main-agent attempting to claim a task]
[2026-06-04T23:56:27.820Z],[18261],[INFO],[async->TaskService_claimTask->TaskService_resolveEffectiveAssignment->DatabaseManager_getTask],[Fetching task: GwYv6M]
[2026-06-04T23:56:27.825Z],[18261],[INFO],[async->TaskService_claimTask->TaskService_isTaskBlocked->DatabaseManager_getTask],[Fetching task: GwYv6M]
[2026-06-04T23:56:27.827Z],[18261],[INFO],[async->async->TaskService_isTaskBlocked->DatabaseManager_getTask],[Fetching task: QBt5p7]
[2026-06-04T23:56:27.830Z],[18261],[INFO],[async->TaskService_isTaskBlocked->TaskService_hasCycle->DatabaseManager_getTask],[Fetching task: QBt5p7]
[2026-06-04T23:56:27.833Z],[18261],[INFO],[async->TaskService_claimTask->TaskService_resolveEffectiveAssignment->DatabaseManager_getTask],[Fetching task: zVnHBn]
[2026-06-04T23:56:27.835Z],[18261],[INFO],[async->TaskService_claimTask->TaskService_isTaskBlocked->DatabaseManager_getTask],[Fetching task: zVnHBn]
[2026-06-04T23:56:27.837Z],[18261],[INFO],[async->async->TaskService_isTaskBlocked->DatabaseManager_getTask],[Fetching task: QBt5p7]
[2026-06-04T23:56:27.840Z],[18261],[INFO],[async->TaskService_isTaskBlocked->TaskService_hasCycle->DatabaseManager_getTask],[Fetching task: QBt5p7]
[2026-06-04T23:56:27.842Z],[18261],[INFO],[async->TaskService_claimTask->TaskService_resolveEffectiveAssignment->DatabaseManager_getTask],[Fetching task: QBt5p7]
[2026-06-04T23:56:27.845Z],[18261],[INFO],[async->TaskService_claimTask->TaskService_isTaskBlocked->DatabaseManager_getTask],[Fetching task: QBt5p7]
[2026-06-04T23:56:27.850Z],[18261],[INFO],[async->TaskService_claimTask->TaskService_updateTaskInternal->DatabaseManager_getTask],[Fetching task: QBt5p7]
[2026-06-04T23:57:22.881Z],[18261],[DEBUG],[async->async->TaskService_claimTask->GlobalLogger_debug],[Collision detected claiming QBt5p7; retrying...]
[2026-06-04T23:57:24.685Z],[18261],[INFO],[async->TaskService_claimTask->TaskService_resolveEffectiveAssignment->DatabaseManager_getTask],[Fetching task: GwYv6M]
[2026-06-04T23:57:24.689Z],[18261],[INFO],[async->TaskService_claimTask->TaskService_isTaskBlocked->DatabaseManager_getTask],[Fetching task: GwYv6M]
[2026-06-04T23:57:24.691Z],[18261],[INFO],[async->async->TaskService_isTaskBlocked->DatabaseManager_getTask],[Fetching task: QBt5p7]
[2026-06-04T23:57:24.692Z],[18261],[INFO],[async->TaskService_isTaskBlocked->TaskService_hasCycle->DatabaseManager_getTask],[Fetching task: QBt5p7]
[2026-06-04T23:57:24.694Z],[18261],[INFO],[async->TaskService_claimTask->TaskService_resolveEffectiveAssignment->DatabaseManager_getTask],[Fetching task: zVnHBn]
[2026-06-04T23:57:24.696Z],[18261],[INFO],[async->TaskService_claimTask->TaskService_isTaskBlocked->DatabaseManager_getTask],[Fetching task: zVnHBn]
[2026-06-04T23:57:24.699Z],[18261],[INFO],[async->async->TaskService_isTaskBlocked->DatabaseManager_getTask],[Fetching task: QBt5p7]
[2026-06-04T23:57:24.701Z],[18261],[INFO],[async->TaskService_isTaskBlocked->TaskService_hasCycle->DatabaseManager_getTask],[Fetching task: QBt5p7]
[2026-06-04T23:57:24.703Z],[18261],[INFO],[async->async->TaskService_claimTask],[No ready tasks available for main-agent]
[2026-06-04T23:59:12.573Z],[20213],[INFO],[async->async->getContext],[Project root: /data/data/com.termux/files/home/ToggleTalkAndroid]
[2026-06-04T23:59:12.622Z],[20213],[INFO],[async->async->getContext],[Resolved repo path: /data/data/com.termux/files/home/ToggleTalkAndroid]
[2026-06-04T23:59:12.639Z],[20213],[INFO],[async->async->getContext],[Resolved username: main-agent]
[2026-06-04T23:59:15.029Z],[20213],[INFO],[async->async->getContext->DatabaseManager_init],[Initializing DatabaseManager with path /data/data/com.termux/files/home/ToggleTalkAndroid/.task-cli-worktree/.task-cli-cache.db]
[2026-06-04T23:59:15.462Z],[20213],[INFO],[async->async->process_processTicksAndRejections->getContext],[Remote URL: https://github.com/cpdata/antigravity-toggle-talk-android-app.git]
[2026-06-04T23:59:15.467Z],[20213],[INFO],[async->process_processTicksAndRejections->Command_<anonymous>->TaskService_claimTask],[Agent main-agent attempting to claim a task]
[2026-06-04T23:59:17.373Z],[20213],[INFO],[async->TaskService_claimTask->TaskService_resolveEffectiveAssignment->DatabaseManager_getTask],[Fetching task: GwYv6M]
[2026-06-04T23:59:17.376Z],[20213],[INFO],[async->TaskService_claimTask->TaskService_isTaskBlocked->DatabaseManager_getTask],[Fetching task: GwYv6M]
[2026-06-04T23:59:17.380Z],[20213],[INFO],[async->async->TaskService_isTaskBlocked->DatabaseManager_getTask],[Fetching task: QBt5p7]
[2026-06-04T23:59:17.385Z],[20213],[INFO],[async->TaskService_isTaskBlocked->TaskService_hasCycle->DatabaseManager_getTask],[Fetching task: QBt5p7]
[2026-06-04T23:59:17.387Z],[20213],[INFO],[async->TaskService_claimTask->TaskService_resolveEffectiveAssignment->DatabaseManager_getTask],[Fetching task: zVnHBn]
[2026-06-04T23:59:17.391Z],[20213],[INFO],[async->TaskService_claimTask->TaskService_isTaskBlocked->DatabaseManager_getTask],[Fetching task: zVnHBn]
[2026-06-04T23:59:17.400Z],[20213],[INFO],[async->async->TaskService_isTaskBlocked->DatabaseManager_getTask],[Fetching task: QBt5p7]
[2026-06-04T23:59:17.404Z],[20213],[INFO],[async->TaskService_isTaskBlocked->TaskService_hasCycle->DatabaseManager_getTask],[Fetching task: QBt5p7]
[2026-06-04T23:59:17.409Z],[20213],[INFO],[async->async->TaskService_claimTask],[No ready tasks available for main-agent]
[2026-06-04T23:59:21.990Z],[20376],[INFO],[async->async->getContext],[Project root: /data/data/com.termux/files/home/ToggleTalkAndroid]
[2026-06-04T23:59:22.040Z],[20376],[INFO],[async->async->getContext],[Resolved repo path: /data/data/com.termux/files/home/ToggleTalkAndroid]
[2026-06-04T23:59:22.052Z],[20376],[INFO],[async->async->getContext],[Resolved username: main-agent]
[2026-06-04T23:59:24.392Z],[20376],[INFO],[async->async->getContext->DatabaseManager_init],[Initializing DatabaseManager with path /data/data/com.termux/files/home/ToggleTalkAndroid/.task-cli-worktree/.task-cli-cache.db]
[2026-06-04T23:59:24.833Z],[20376],[INFO],[async->async->process_processTicksAndRejections->getContext],[Remote URL: https://github.com/cpdata/antigravity-toggle-talk-android-app.git]
[2026-06-04T23:59:33.025Z],[20525],[INFO],[async->async->getContext],[Project root: /data/data/com.termux/files/home/ToggleTalkAndroid]
[2026-06-04T23:59:33.152Z],[20525],[INFO],[async->async->getContext],[Resolved repo path: /data/data/com.termux/files/home/ToggleTalkAndroid]
[2026-06-04T23:59:33.164Z],[20525],[INFO],[async->async->getContext],[Resolved username: main-agent]
[2026-06-04T23:59:35.460Z],[20525],[INFO],[async->async->getContext->DatabaseManager_init],[Initializing DatabaseManager with path /data/data/com.termux/files/home/ToggleTalkAndroid/.task-cli-worktree/.task-cli-cache.db]
[2026-06-04T23:59:35.892Z],[20525],[INFO],[async->async->process_processTicksAndRejections->getContext],[Remote URL: https://github.com/cpdata/antigravity-toggle-talk-android-app.git]
[2026-06-04T23:59:37.637Z],[20525],[INFO],[async->Command_<anonymous>->TaskService_resolveEffectiveAssignment->DatabaseManager_getTask],[Fetching task: GwYv6M]
[2026-06-04T23:59:37.641Z],[20525],[INFO],[async->Command_<anonymous>->TaskService_isTaskBlocked->DatabaseManager_getTask],[Fetching task: GwYv6M]
[2026-06-04T23:59:37.644Z],[20525],[INFO],[async->async->TaskService_isTaskBlocked->DatabaseManager_getTask],[Fetching task: QBt5p7]
[2026-06-04T23:59:37.646Z],[20525],[INFO],[async->TaskService_isTaskBlocked->TaskService_hasCycle->DatabaseManager_getTask],[Fetching task: QBt5p7]
[2026-06-04T23:59:37.649Z],[20525],[INFO],[async->Command_<anonymous>->TaskService_resolveEffectiveAssignment->DatabaseManager_getTask],[Fetching task: zVnHBn]
[2026-06-04T23:59:37.651Z],[20525],[INFO],[async->Command_<anonymous>->TaskService_isTaskBlocked->DatabaseManager_getTask],[Fetching task: zVnHBn]
[2026-06-04T23:59:37.653Z],[20525],[INFO],[async->async->TaskService_isTaskBlocked->DatabaseManager_getTask],[Fetching task: QBt5p7]
[2026-06-04T23:59:37.655Z],[20525],[INFO],[async->TaskService_isTaskBlocked->TaskService_hasCycle->DatabaseManager_getTask],[Fetching task: QBt5p7]
[2026-06-04T23:59:49.918Z],[20806],[INFO],[async->async->getContext],[Project root: /data/data/com.termux/files/home/ToggleTalkAndroid]
[2026-06-04T23:59:49.980Z],[20806],[INFO],[async->async->getContext],[Resolved repo path: /data/data/com.termux/files/home/ToggleTalkAndroid]
[2026-06-04T23:59:49.991Z],[20806],[INFO],[async->async->getContext],[Resolved username: main-agent]
[2026-06-05T00:00:02.945Z],[20806],[INFO],[async->async->getContext->DatabaseManager_init],[Initializing DatabaseManager with path /data/data/com.termux/files/home/ToggleTalkAndroid/.task-cli-worktree/.task-cli-cache.db]
[2026-06-05T00:00:03.395Z],[20806],[INFO],[async->async->getContext],[Remote URL: https://github.com/cpdata/antigravity-toggle-talk-android-app.git]
[2026-06-05T00:00:15.444Z],[20806],[INFO],[async->async->TaskService_getTask->DatabaseManager_getTask],[Fetching task: QBt5p7]
[2026-06-05T00:00:15.452Z],[20806],[INFO],[async->Command_<anonymous>->TaskService_resolveEffectiveAssignment->DatabaseManager_getTask],[Fetching task: QBt5p7]
[2026-06-05T01:33:17.849Z],[25394],[INFO],[async->async->getContext],[Project root: /data/data/com.termux/files/home/ToggleTalkAndroid]
[2026-06-05T01:33:17.887Z],[25394],[INFO],[async->async->getContext],[Resolved repo path: /data/data/com.termux/files/home/ToggleTalkAndroid]
[2026-06-05T01:33:17.889Z],[25394],[INFO],[async->async->getContext],[Resolved username: main-agent]
[2026-06-05T01:33:21.732Z],[25394],[INFO],[async->async->getContext->DatabaseManager_init],[Initializing DatabaseManager with path /data/data/com.termux/files/home/ToggleTalkAndroid/.task-cli-worktree/.task-cli-cache.db]
[2026-06-05T01:33:21.829Z],[25394],[INFO],[async->async->process_processTicksAndRejections->getContext],[Remote URL: https://github.com/cpdata/antigravity-toggle-talk-android-app.git]
[2026-06-05T01:33:26.222Z],[25500],[INFO],[async->async->getContext],[Project root: /data/data/com.termux/files/home/ToggleTalkAndroid]
[2026-06-05T01:33:26.249Z],[25500],[INFO],[async->async->getContext],[Resolved repo path: /data/data/com.termux/files/home/ToggleTalkAndroid]
[2026-06-05T01:33:26.251Z],[25500],[INFO],[async->async->getContext],[Resolved username: main-agent]
[2026-06-05T01:33:30.035Z],[25500],[INFO],[async->async->getContext->DatabaseManager_init],[Initializing DatabaseManager with path /data/data/com.termux/files/home/ToggleTalkAndroid/.task-cli-worktree/.task-cli-cache.db]
[2026-06-05T01:33:30.126Z],[25500],[INFO],[async->async->getContext],[Remote URL: https://github.com/cpdata/antigravity-toggle-talk-android-app.git]
[2026-06-05T01:33:44.564Z],[25642],[INFO],[async->async->getContext],[Project root: /data/data/com.termux/files/home/ToggleTalkAndroid]
[2026-06-05T01:33:44.598Z],[25642],[INFO],[async->async->getContext],[Resolved repo path: /data/data/com.termux/files/home/ToggleTalkAndroid]
[2026-06-05T01:33:44.603Z],[25642],[INFO],[async->async->getContext],[Resolved username: main-agent]
[2026-06-05T01:33:44.613Z],[25642],[INFO],[async->async->getContext->DatabaseManager_init],[Initializing DatabaseManager with path /data/data/com.termux/files/home/ToggleTalkAndroid/.task-cli-worktree/.task-cli-cache.db]
[2026-06-05T01:33:44.711Z],[25642],[INFO],[async->async->getContext],[Remote URL: https://github.com/cpdata/antigravity-toggle-talk-android-app.git]
[2026-06-05T01:33:59.209Z],[25722],[INFO],[async->async->getContext],[Project root: /data/data/com.termux/files/home/ToggleTalkAndroid]
[2026-06-05T01:33:59.228Z],[25722],[INFO],[async->async->getContext],[Resolved repo path: /data/data/com.termux/files/home/ToggleTalkAndroid]
[2026-06-05T01:33:59.236Z],[25722],[INFO],[async->async->getContext],[Resolved username: main-agent]
[2026-06-05T01:34:02.594Z],[25722],[INFO],[async->async->getContext->DatabaseManager_init],[Initializing DatabaseManager with path /data/data/com.termux/files/home/ToggleTalkAndroid/.task-cli-worktree/.task-cli-cache.db]
[2026-06-05T01:34:02.680Z],[25722],[INFO],[async->async->process_processTicksAndRejections->getContext],[Remote URL: https://github.com/cpdata/antigravity-toggle-talk-android-app.git]
[2026-06-05T01:34:13.424Z],[25845],[INFO],[async->async->getContext],[Project root: /data/data/com.termux/files/home/ToggleTalkAndroid]
[2026-06-05T01:34:13.452Z],[25845],[INFO],[async->async->getContext],[Resolved repo path: /data/data/com.termux/files/home/ToggleTalkAndroid]
[2026-06-05T01:34:13.455Z],[25845],[INFO],[async->async->getContext],[Resolved username: main-agent]
[2026-06-05T01:34:16.837Z],[25845],[INFO],[async->async->getContext->DatabaseManager_init],[Initializing DatabaseManager with path /data/data/com.termux/files/home/ToggleTalkAndroid/.task-cli-worktree/.task-cli-cache.db]
[2026-06-05T01:34:16.922Z],[25845],[INFO],[async->async->process_processTicksAndRejections->getContext],[Remote URL: https://github.com/cpdata/antigravity-toggle-talk-android-app.git]
[2026-06-05T01:35:36.375Z],[26066],[INFO],[async->async->getContext],[Project root: /data/data/com.termux/files/home/ToggleTalkAndroid]
[2026-06-05T01:35:36.410Z],[26066],[INFO],[async->async->getContext],[Resolved repo path: /data/data/com.termux/files/home/ToggleTalkAndroid]
[2026-06-05T01:35:36.412Z],[26066],[INFO],[async->async->getContext],[Resolved username: main-agent]
[2026-06-05T01:35:40.238Z],[26066],[INFO],[async->async->getContext->DatabaseManager_init],[Initializing DatabaseManager with path /data/data/com.termux/files/home/ToggleTalkAndroid/.task-cli-worktree/.task-cli-cache.db]
[2026-06-05T01:35:40.328Z],[26066],[INFO],[async->async->getContext],[Remote URL: https://github.com/cpdata/antigravity-toggle-talk-android-app.git]
[2026-06-05T01:38:07.082Z],[26489],[INFO],[async->async->getContext],[Project root: /data/data/com.termux/files/home/ToggleTalkAndroid]
[2026-06-05T01:38:07.112Z],[26489],[INFO],[async->async->getContext],[Resolved repo path: /data/data/com.termux/files/home/ToggleTalkAndroid]
[2026-06-05T01:38:07.115Z],[26489],[INFO],[async->async->getContext],[Resolved username: main-agent]
[2026-06-05T01:38:10.553Z],[26489],[INFO],[async->async->getContext->DatabaseManager_init],[Initializing DatabaseManager with path /data/data/com.termux/files/home/ToggleTalkAndroid/.task-cli-worktree/.task-cli-cache.db]
[2026-06-05T01:38:10.643Z],[26489],[INFO],[async->async->getContext],[Remote URL: https://github.com/cpdata/antigravity-toggle-talk-android-app.git]
[2026-06-05T01:41:56.095Z],[27440],[INFO],[async->async->getContext],[Project root: /data/data/com.termux/files/home/ToggleTalkAndroid]
[2026-06-05T01:41:56.126Z],[27440],[INFO],[async->async->getContext],[Resolved repo path: /data/data/com.termux/files/home/ToggleTalkAndroid]
[2026-06-05T01:41:56.128Z],[27440],[INFO],[async->async->getContext],[Resolved username: main-agent]
[2026-06-05T01:41:59.875Z],[27440],[INFO],[async->async->getContext->DatabaseManager_init],[Initializing DatabaseManager with path /data/data/com.termux/files/home/ToggleTalkAndroid/.task-cli-worktree/.task-cli-cache.db]
[2026-06-05T01:41:59.969Z],[27440],[INFO],[async->async->process_processTicksAndRejections->getContext],[Remote URL: https://github.com/cpdata/antigravity-toggle-talk-android-app.git]
[2026-06-05T01:41:59.970Z],[27440],[INFO],[async->process_processTicksAndRejections->Command_<anonymous>->TaskService_updateTask],[Updating task: QBt5p7]
[2026-06-05T01:41:59.972Z],[27440],[DEBUG],[TaskService_updateTask->TaskService_ensureSync->TaskService_spawnBackgroundSync->GlobalLogger_debug],[Spawning background sync: /data/data/com.termux/files/home/agent-task-cli/dist/index.js sync --repo /data/data/com.termux/files/home/ToggleTalkAndroid --username main-agent --pull]
[2026-06-05T01:41:59.980Z],[27440],[INFO],[process_processTicksAndRejections->TaskService_updateTask->TaskService_updateTaskInternal->DatabaseManager_getTask],[Fetching task: QBt5p7]
[2026-06-05T01:42:00.021Z],[27440],[DEBUG],[async->TaskService_updateTaskInternal->TaskService_spawnBackgroundSync->GlobalLogger_debug],[Spawning background sync: /data/data/com.termux/files/home/agent-task-cli/dist/index.js sync --repo /data/data/com.termux/files/home/ToggleTalkAndroid --username main-agent --push Update task QBt5p7]
[2026-06-05T01:42:00.098Z],[27440],[INFO],[async->async->TaskService_updateTask],[Task updated successfully: QBt5p7]
[2026-06-05T01:42:00.608Z],[27525],[INFO],[async->async->getContext],[Project root: /data/data/com.termux/files/home/ToggleTalkAndroid]
[2026-06-05T01:42:00.612Z],[27525],[INFO],[async->async->getContext],[Resolved repo path: /data/data/com.termux/files/home/ToggleTalkAndroid]
[2026-06-05T01:42:00.613Z],[27525],[INFO],[async->async->getContext],[Resolved username: main-agent]
[2026-06-05T01:42:00.653Z],[27531],[INFO],[async->async->getContext],[Project root: /data/data/com.termux/files/home/ToggleTalkAndroid]
[2026-06-05T01:42:00.658Z],[27531],[INFO],[async->async->getContext],[Resolved repo path: /data/data/com.termux/files/home/ToggleTalkAndroid]
[2026-06-05T01:42:00.658Z],[27531],[INFO],[async->async->getContext],[Resolved username: main-agent]
[2026-06-05T01:42:00.785Z],[27531],[DEBUG],[async->async->GitManager_pull->GlobalLogger_debug],[Sync lock active; skipping pull]
[2026-06-05T01:42:00.786Z],[27531],[INFO],[async->async->getContext->DatabaseManager_init],[Initializing DatabaseManager with path /data/data/com.termux/files/home/ToggleTalkAndroid/.task-cli-worktree/.task-cli-cache.db]
[2026-06-05T01:42:00.882Z],[27531],[INFO],[async->async->getContext],[Remote URL: https://github.com/cpdata/antigravity-toggle-talk-android-app.git]
[2026-06-05T01:42:00.885Z],[27531],[DEBUG],[async->async->GitManager_commitAndPush->GlobalLogger_debug],[Sync lock active; waiting for push...]
[2026-06-05T01:42:04.621Z],[27525],[INFO],[async->async->getContext->DatabaseManager_init],[Initializing DatabaseManager with path /data/data/com.termux/files/home/ToggleTalkAndroid/.task-cli-worktree/.task-cli-cache.db]
[2026-06-05T01:42:04.708Z],[27525],[INFO],[async->async->getContext],[Remote URL: https://github.com/cpdata/antigravity-toggle-talk-android-app.git]
[2026-06-05T01:42:33.683Z],[27829],[INFO],[async->async->getContext],[Project root: /data/data/com.termux/files/home/ToggleTalkAndroid]
[2026-06-05T01:42:33.713Z],[27829],[INFO],[async->async->getContext],[Resolved repo path: /data/data/com.termux/files/home/ToggleTalkAndroid]
[2026-06-05T01:42:33.716Z],[27829],[INFO],[async->async->getContext],[Resolved username: main-agent]
[2026-06-05T01:42:37.563Z],[27829],[INFO],[async->async->getContext->DatabaseManager_init],[Initializing DatabaseManager with path /data/data/com.termux/files/home/ToggleTalkAndroid/.task-cli-worktree/.task-cli-cache.db]
[2026-06-05T01:42:37.653Z],[27829],[INFO],[async->async->process_processTicksAndRejections->getContext],[Remote URL: https://github.com/cpdata/antigravity-toggle-talk-android-app.git]
[2026-06-05T01:42:37.655Z],[27829],[INFO],[async->process_processTicksAndRejections->Command_<anonymous>->TaskService_updateTask],[Updating task: 77MxP9]
[2026-06-05T01:42:37.655Z],[27829],[DEBUG],[TaskService_updateTask->TaskService_ensureSync->TaskService_spawnBackgroundSync->GlobalLogger_debug],[Spawning background sync: /data/data/com.termux/files/home/agent-task-cli/dist/index.js sync --repo /data/data/com.termux/files/home/ToggleTalkAndroid --username main-agent --pull]
[2026-06-05T01:42:37.664Z],[27829],[INFO],[process_processTicksAndRejections->TaskService_updateTask->TaskService_updateTaskInternal->DatabaseManager_getTask],[Fetching task: 77MxP9]
[2026-06-05T01:42:37.673Z],[27829],[DEBUG],[TaskService_updateGroup->TaskService_ensureSync->TaskService_spawnBackgroundSync->GlobalLogger_debug],[Spawning background sync: /data/data/com.termux/files/home/agent-task-cli/dist/index.js sync --repo /data/data/com.termux/files/home/ToggleTalkAndroid --username main-agent --pull]
[2026-06-05T01:42:37.702Z],[27829],[DEBUG],[async->TaskService_updateGroup->TaskService_spawnBackgroundSync->GlobalLogger_debug],[Spawning background sync: /data/data/com.termux/files/home/agent-task-cli/dist/index.js sync --repo /data/data/com.termux/files/home/ToggleTalkAndroid --username main-agent --push Update group 77MxP9]
[2026-06-05T01:42:38.300Z],[27890],[INFO],[async->async->getContext],[Project root: /data/data/com.termux/files/home/ToggleTalkAndroid]
[2026-06-05T01:42:38.305Z],[27890],[INFO],[async->async->getContext],[Resolved repo path: /data/data/com.termux/files/home/ToggleTalkAndroid]
[2026-06-05T01:42:38.305Z],[27890],[INFO],[async->async->getContext],[Resolved username: main-agent]
[2026-06-05T01:42:38.320Z],[27904],[INFO],[async->async->getContext],[Project root: /data/data/com.termux/files/home/ToggleTalkAndroid]
[2026-06-05T01:42:38.327Z],[27904],[INFO],[async->async->getContext],[Resolved repo path: /data/data/com.termux/files/home/ToggleTalkAndroid]
[2026-06-05T01:42:38.328Z],[27904],[INFO],[async->async->getContext],[Resolved username: main-agent]
[2026-06-05T01:42:38.332Z],[27891],[INFO],[async->async->getContext],[Project root: /data/data/com.termux/files/home/ToggleTalkAndroid]
[2026-06-05T01:42:38.337Z],[27891],[INFO],[async->async->getContext],[Resolved repo path: /data/data/com.termux/files/home/ToggleTalkAndroid]
[2026-06-05T01:42:38.338Z],[27891],[INFO],[async->async->getContext],[Resolved username: main-agent]
[2026-06-05T01:42:38.501Z],[27890],[DEBUG],[async->async->GitManager_pull->GlobalLogger_debug],[Sync lock active; skipping pull]
[2026-06-05T01:42:38.502Z],[27890],[INFO],[async->async->getContext->DatabaseManager_init],[Initializing DatabaseManager with path /data/data/com.termux/files/home/ToggleTalkAndroid/.task-cli-worktree/.task-cli-cache.db]
[2026-06-05T01:42:38.516Z],[27891],[DEBUG],[async->async->GitManager_pull->GlobalLogger_debug],[Sync lock active; skipping pull]
[2026-06-05T01:42:38.517Z],[27891],[INFO],[async->async->getContext->DatabaseManager_init],[Initializing DatabaseManager with path /data/data/com.termux/files/home/ToggleTalkAndroid/.task-cli-worktree/.task-cli-cache.db]
[2026-06-05T01:42:38.627Z],[27890],[INFO],[async->async->process_processTicksAndRejections->getContext],[Remote URL: https://github.com/cpdata/antigravity-toggle-talk-android-app.git]
[2026-06-05T01:42:38.649Z],[27891],[INFO],[async->async->getContext],[Remote URL: https://github.com/cpdata/antigravity-toggle-talk-android-app.git]
[2026-06-05T01:42:38.666Z],[27890],[DEBUG],[async->async->GitManager_pull->GlobalLogger_debug],[Sync lock active; skipping pull]
[2026-06-05T01:42:38.676Z],[27891],[DEBUG],[async->async->GitManager_pull->GlobalLogger_debug],[Sync lock active; skipping pull]
[2026-06-05T01:42:40.616Z],[27994],[INFO],[async->async->getContext],[Project root: /data/data/com.termux/files/home/ToggleTalkAndroid]
[2026-06-05T01:42:40.650Z],[27994],[INFO],[async->async->getContext],[Resolved repo path: /data/data/com.termux/files/home/ToggleTalkAndroid]
[2026-06-05T01:42:40.653Z],[27994],[INFO],[async->async->getContext],[Resolved username: main-agent]
[2026-06-05T01:42:40.774Z],[27994],[DEBUG],[async->async->GitManager_pull->GlobalLogger_debug],[Sync lock active; skipping pull]
[2026-06-05T01:42:40.775Z],[27994],[INFO],[async->async->getContext->DatabaseManager_init],[Initializing DatabaseManager with path /data/data/com.termux/files/home/ToggleTalkAndroid/.task-cli-worktree/.task-cli-cache.db]
[2026-06-05T01:42:40.878Z],[27994],[INFO],[async->async->getContext],[Remote URL: https://github.com/cpdata/antigravity-toggle-talk-android-app.git]
[2026-06-05T01:42:40.899Z],[27994],[DEBUG],[async->async->GitManager_pull->GlobalLogger_debug],[Sync lock active; skipping pull]
[2026-06-05T01:42:41.719Z],[28013],[INFO],[async->async->getContext],[Project root: /data/data/com.termux/files/home/ToggleTalkAndroid]
[2026-06-05T01:42:41.753Z],[28013],[INFO],[async->async->getContext],[Resolved repo path: /data/data/com.termux/files/home/ToggleTalkAndroid]
[2026-06-05T01:42:41.756Z],[28013],[INFO],[async->async->getContext],[Resolved username: main-agent]
[2026-06-05T01:42:41.871Z],[28013],[DEBUG],[async->async->GitManager_pull->GlobalLogger_debug],[Sync lock active; skipping pull]
[2026-06-05T01:42:41.872Z],[28013],[INFO],[async->async->getContext->DatabaseManager_init],[Initializing DatabaseManager with path /data/data/com.termux/files/home/ToggleTalkAndroid/.task-cli-worktree/.task-cli-cache.db]
[2026-06-05T01:42:41.973Z],[28013],[INFO],[async->async->getContext],[Remote URL: https://github.com/cpdata/antigravity-toggle-talk-android-app.git]
[2026-06-05T01:42:41.990Z],[28013],[DEBUG],[async->async->GitManager_pull->GlobalLogger_debug],[Sync lock active; skipping pull]
[2026-06-05T01:42:42.210Z],[27904],[INFO],[async->async->getContext->DatabaseManager_init],[Initializing DatabaseManager with path /data/data/com.termux/files/home/ToggleTalkAndroid/.task-cli-worktree/.task-cli-cache.db]
[2026-06-05T01:42:42.301Z],[27904],[INFO],[async->async->getContext],[Remote URL: https://github.com/cpdata/antigravity-toggle-talk-android-app.git]
[2026-06-05T01:44:26.909Z],[28684],[INFO],[async->async->getContext],[Project root: /data/data/com.termux/files/home/ToggleTalkAndroid]
[2026-06-05T01:44:27.030Z],[28684],[INFO],[async->async->getContext],[Resolved repo path: /data/data/com.termux/files/home/ToggleTalkAndroid]
[2026-06-05T01:44:27.055Z],[28684],[INFO],[async->async->getContext],[Resolved username: main-agent]
[2026-06-05T01:44:31.343Z],[28684],[INFO],[async->async->getContext->DatabaseManager_init],[Initializing DatabaseManager with path /data/data/com.termux/files/home/ToggleTalkAndroid/.task-cli-worktree/.task-cli-cache.db]
[2026-06-05T01:44:31.786Z],[28684],[INFO],[async->async->getContext],[Remote URL: https://github.com/cpdata/antigravity-toggle-talk-android-app.git]
[2026-06-05T01:44:40.605Z],[28858],[INFO],[async->async->getContext],[Project root: /data/data/com.termux/files/home/ToggleTalkAndroid]
[2026-06-05T01:44:40.692Z],[28858],[INFO],[async->async->getContext],[Resolved repo path: /data/data/com.termux/files/home/ToggleTalkAndroid]
[2026-06-05T01:44:40.719Z],[28858],[INFO],[async->async->getContext],[Resolved username: main-agent]
[2026-06-05T01:44:45.046Z],[28858],[INFO],[async->async->getContext->DatabaseManager_init],[Initializing DatabaseManager with path /data/data/com.termux/files/home/ToggleTalkAndroid/.task-cli-worktree/.task-cli-cache.db]
[2026-06-05T01:44:45.483Z],[28858],[INFO],[async->async->getContext],[Remote URL: https://github.com/cpdata/antigravity-toggle-talk-android-app.git]
[2026-06-05T01:44:45.493Z],[28858],[INFO],[async->Command_<anonymous>->TaskService_createTask],[Creating task: Fix bug where agent responses and thoughts are merged in a single chat bubble]
[2026-06-05T01:44:45.496Z],[28858],[DEBUG],[TaskService_createTask->TaskService_ensureSync->TaskService_spawnBackgroundSync->GlobalLogger_debug],[Spawning background sync: /data/data/com.termux/files/home/agent-task-cli/dist/index.js sync --repo /data/data/com.termux/files/home/ToggleTalkAndroid --username main-agent --pull]
[2026-06-05T01:44:45.536Z],[28858],[INFO],[TaskService_createTask->TaskService_generateUniqueId->DatabaseManager_getTask],[Fetching task: XTDmHE]
[2026-06-05T01:44:45.609Z],[28858],[DEBUG],[async->TaskService_createTask->TaskService_spawnBackgroundSync->GlobalLogger_debug],[Spawning background sync: /data/data/com.termux/files/home/agent-task-cli/dist/index.js sync --repo /data/data/com.termux/files/home/ToggleTalkAndroid --username main-agent --push Create task XTDmHE]
[2026-06-05T01:44:45.920Z],[28858],[INFO],[async->async->TaskService_createTask],[Task created successfully: XTDmHE]
[2026-06-05T01:44:48.390Z],[28988],[INFO],[async->async->getContext],[Project root: /data/data/com.termux/files/home/ToggleTalkAndroid]
[2026-06-05T01:44:48.423Z],[28988],[INFO],[async->async->getContext],[Resolved repo path: /data/data/com.termux/files/home/ToggleTalkAndroid]
[2026-06-05T01:44:48.438Z],[28988],[INFO],[async->async->getContext],[Resolved username: main-agent]
[2026-06-05T01:44:48.576Z],[28990],[INFO],[async->async->getContext],[Project root: /data/data/com.termux/files/home/ToggleTalkAndroid]
[2026-06-05T01:44:48.590Z],[28990],[INFO],[async->async->getContext],[Resolved repo path: /data/data/com.termux/files/home/ToggleTalkAndroid]
[2026-06-05T01:44:48.593Z],[28990],[INFO],[async->async->getContext],[Resolved username: main-agent]
[2026-06-05T01:47:11.333Z],[30231],[INFO],[async->async->getContext],[Project root: /data/data/com.termux/files/home/ToggleTalkAndroid]
[2026-06-05T01:47:11.361Z],[30231],[INFO],[async->async->getContext],[Resolved repo path: /data/data/com.termux/files/home/ToggleTalkAndroid]
[2026-06-05T01:47:11.371Z],[30231],[INFO],[async->async->getContext],[Resolved username: main-agent]
[2026-06-05T01:47:11.498Z],[30231],[DEBUG],[async->async->GitManager_pull->GlobalLogger_debug],[Sync lock active; skipping pull]
[2026-06-05T01:47:11.500Z],[30231],[INFO],[async->async->getContext->DatabaseManager_init],[Initializing DatabaseManager with path /data/data/com.termux/files/home/ToggleTalkAndroid/.task-cli-worktree/.task-cli-cache.db]
[2026-06-05T01:47:11.603Z],[30231],[INFO],[async->async->process_processTicksAndRejections->getContext],[Remote URL: https://github.com/cpdata/antigravity-toggle-talk-android-app.git]
[2026-06-05T01:47:11.629Z],[30231],[DEBUG],[async->async->GitManager_pull->GlobalLogger_debug],[Sync lock active; skipping pull]
[2026-06-05T01:47:11.723Z],[30231],[DEBUG],[async->async->GitManager_commitAndPush->GlobalLogger_debug],[Sync lock active; waiting for push...]
[2026-06-05T01:55:33.362Z],[32589],[INFO],[async->async->getContext],[Project root: /data/data/com.termux/files/home/ToggleTalkAndroid]
[2026-06-05T01:55:33.392Z],[32589],[INFO],[async->async->getContext],[Resolved repo path: /data/data/com.termux/files/home/ToggleTalkAndroid]
[2026-06-05T01:55:33.395Z],[32589],[INFO],[async->async->getContext],[Resolved username: main-agent]
