[2026-06-02T00:13:29.135Z],[5347],[INFO],[async->async->getContext->DatabaseManager_init],[Initializing DatabaseManager with path /data/data/com.termux/files/home/ToggleTalkAndroid/.task-cli-worktree/.task-cli-cache.db]
[2026-06-02T00:13:29.263Z],[5347],[INFO],[async->async->process_processTicksAndRejections->getContext],[Remote URL: https://github.com/cpdata/antigravity-toggle-talk-android-app.git]
[2026-06-02T00:33:43.283Z],[11605],[INFO],[async->async->getContext],[Project root: /data/data/com.termux/files/home/ToggleTalkAndroid]
[2026-06-02T00:33:43.313Z],[11605],[INFO],[async->async->getContext],[Resolved repo path: /data/data/com.termux/files/home/ToggleTalkAndroid]
[2026-06-02T00:33:43.318Z],[11605],[INFO],[async->async->getContext],[Resolved username: main-agent]
[2026-06-02T00:33:44.050Z],[11605],[INFO],[async->async->getContext->DatabaseManager_init],[Initializing DatabaseManager with path /data/data/com.termux/files/home/ToggleTalkAndroid/.task-cli-worktree/.task-cli-cache.db]
[2026-06-02T00:33:44.167Z],[11605],[INFO],[async->async->process_processTicksAndRejections->getContext],[Remote URL: https://github.com/cpdata/antigravity-toggle-talk-android-app.git]
[2026-06-02T00:40:11.491Z],[11605],[INFO],[async->process_processTicksAndRejections->Command_<anonymous>->TaskService_createTask],[Creating task: Change size & position of mic button]
[2026-06-02T00:40:11.494Z],[11605],[DEBUG],[TaskService_createTask->TaskService_ensureSync->TaskService_spawnBackgroundSync->GlobalLogger_debug],[Spawning background sync: /data/data/com.termux/files/home/agent-task-cli/dist/index.js sync --repo /data/data/com.termux/files/home/ToggleTalkAndroid --username main-agent --pull]
[2026-06-02T00:40:11.512Z],[11605],[INFO],[TaskService_createTask->TaskService_generateUniqueId->DatabaseManager_getTask],[Fetching task: TdW49R]
[2026-06-02T00:40:11.531Z],[11605],[DEBUG],[async->TaskService_createTask->TaskService_spawnBackgroundSync->GlobalLogger_debug],[Spawning background sync: /data/data/com.termux/files/home/agent-task-cli/dist/index.js sync --repo /data/data/com.termux/files/home/ToggleTalkAndroid --username main-agent --push Create task TdW49R]
[2026-06-02T00:40:11.575Z],[11605],[INFO],[async->async->TaskService_createTask],[Task created successfully: TdW49R]
[2026-06-02T00:40:12.071Z],[13277],[INFO],[async->async->getContext],[Project root: /data/data/com.termux/files/home/ToggleTalkAndroid]
[2026-06-02T00:40:12.078Z],[13277],[INFO],[async->async->getContext],[Resolved repo path: /data/data/com.termux/files/home/ToggleTalkAndroid]
[2026-06-02T00:40:12.078Z],[13277],[INFO],[async->async->getContext],[Resolved username: main-agent]
[2026-06-02T00:40:12.134Z],[13283],[INFO],[async->async->getContext],[Project root: /data/data/com.termux/files/home/ToggleTalkAndroid]
[2026-06-02T00:40:12.157Z],[13283],[INFO],[async->async->getContext],[Resolved repo path: /data/data/com.termux/files/home/ToggleTalkAndroid]
[2026-06-02T00:40:12.160Z],[13283],[INFO],[async->async->getContext],[Resolved username: main-agent]
[2026-06-02T00:40:12.317Z],[13283],[DEBUG],[async->async->GitManager_pull->GlobalLogger_debug],[Sync lock active; skipping pull]
[2026-06-02T00:40:12.318Z],[13283],[INFO],[async->async->getContext->DatabaseManager_init],[Initializing DatabaseManager with path /data/data/com.termux/files/home/ToggleTalkAndroid/.task-cli-worktree/.task-cli-cache.db]
[2026-06-02T00:40:12.426Z],[13283],[INFO],[async->async->getContext],[Remote URL: https://github.com/cpdata/antigravity-toggle-talk-android-app.git]
[2026-06-02T00:40:12.427Z],[13283],[DEBUG],[async->async->GitManager_commitAndPush->GlobalLogger_debug],[Sync lock active; waiting for push...]
[2026-06-02T00:40:12.847Z],[13277],[INFO],[async->async->getContext->DatabaseManager_init],[Initializing DatabaseManager with path /data/data/com.termux/files/home/ToggleTalkAndroid/.task-cli-worktree/.task-cli-cache.db]
[2026-06-02T00:40:12.948Z],[13277],[INFO],[async->async->getContext],[Remote URL: https://github.com/cpdata/antigravity-toggle-talk-android-app.git]
[2026-06-02T00:40:12.968Z],[13277],[DEBUG],[async->async->GitManager_pull->GlobalLogger_debug],[Sync lock active; skipping pull]
[2026-06-02T00:40:24.864Z],[13422],[INFO],[async->async->getContext],[Project root: /data/data/com.termux/files/home/ToggleTalkAndroid]
[2026-06-02T00:40:24.894Z],[13422],[INFO],[async->async->getContext],[Resolved repo path: /data/data/com.termux/files/home/ToggleTalkAndroid]
[2026-06-02T00:40:24.897Z],[13422],[INFO],[async->async->getContext],[Resolved username: main-agent]
[2026-06-02T00:40:25.027Z],[13422],[DEBUG],[async->async->GitManager_pull->GlobalLogger_debug],[Sync lock active; skipping pull]
[2026-06-02T00:40:25.035Z],[13422],[INFO],[async->async->getContext->DatabaseManager_init],[Initializing DatabaseManager with path /data/data/com.termux/files/home/ToggleTalkAndroid/.task-cli-worktree/.task-cli-cache.db]
[2026-06-02T00:40:25.143Z],[13422],[INFO],[async->async->getContext],[Remote URL: https://github.com/cpdata/antigravity-toggle-talk-android-app.git]
[2026-06-02T00:40:49.171Z],[13522],[INFO],[async->async->getContext],[Project root: /data/data/com.termux/files/home/ToggleTalkAndroid]
[2026-06-02T00:40:49.200Z],[13522],[INFO],[async->async->getContext],[Resolved repo path: /data/data/com.termux/files/home/ToggleTalkAndroid]
[2026-06-02T00:40:49.205Z],[13522],[INFO],[async->async->getContext],[Resolved username: main-agent]
[2026-06-02T00:40:49.326Z],[13522],[DEBUG],[async->async->GitManager_pull->GlobalLogger_debug],[Sync lock active; skipping pull]
[2026-06-02T00:40:49.327Z],[13522],[INFO],[async->async->getContext->DatabaseManager_init],[Initializing DatabaseManager with path /data/data/com.termux/files/home/ToggleTalkAndroid/.task-cli-worktree/.task-cli-cache.db]
[2026-06-02T00:40:49.434Z],[13522],[INFO],[async->async->getContext],[Remote URL: https://github.com/cpdata/antigravity-toggle-talk-android-app.git]
[2026-06-02T00:42:51.925Z],[14079],[INFO],[async->async->getContext],[Project root: /data/data/com.termux/files/home/ToggleTalkAndroid]
[2026-06-02T00:42:51.958Z],[14079],[INFO],[async->async->getContext],[Resolved repo path: /data/data/com.termux/files/home/ToggleTalkAndroid]
[2026-06-02T00:42:51.961Z],[14079],[INFO],[async->async->getContext],[Resolved username: main-agent]
[2026-06-02T00:42:52.663Z],[14079],[INFO],[async->async->getContext->DatabaseManager_init],[Initializing DatabaseManager with path /data/data/com.termux/files/home/ToggleTalkAndroid/.task-cli-worktree/.task-cli-cache.db]
[2026-06-02T00:42:52.760Z],[14079],[INFO],[async->async->getContext],[Remote URL: https://github.com/cpdata/antigravity-toggle-talk-android-app.git]
[2026-06-02T00:42:54.094Z],[14159],[INFO],[async->async->getContext],[Project root: /data/data/com.termux/files/home/ToggleTalkAndroid]
[2026-06-02T00:42:54.124Z],[14159],[INFO],[async->async->getContext],[Resolved repo path: /data/data/com.termux/files/home/ToggleTalkAndroid]
[2026-06-02T00:42:54.136Z],[14159],[INFO],[async->async->getContext],[Resolved username: main-agent]
[2026-06-02T00:42:54.867Z],[14159],[INFO],[async->async->getContext->DatabaseManager_init],[Initializing DatabaseManager with path /data/data/com.termux/files/home/ToggleTalkAndroid/.task-cli-worktree/.task-cli-cache.db]
[2026-06-02T00:42:54.978Z],[14159],[INFO],[async->async->getContext],[Remote URL: https://github.com/cpdata/antigravity-toggle-talk-android-app.git]
[2026-06-02T00:48:26.519Z],[16069],[INFO],[async->async->getContext],[Project root: /data/data/com.termux/files/home/ToggleTalkAndroid]
[2026-06-02T00:48:26.633Z],[16069],[INFO],[async->async->getContext],[Resolved repo path: /data/data/com.termux/files/home/ToggleTalkAndroid]
[2026-06-02T00:48:26.689Z],[16069],[INFO],[async->async->getContext],[Resolved username: main-agent]
[2026-06-02T00:48:29.143Z],[16069],[INFO],[async->async->getContext->DatabaseManager_init],[Initializing DatabaseManager with path /data/data/com.termux/files/home/ToggleTalkAndroid/.task-cli-worktree/.task-cli-cache.db]
[2026-06-02T00:48:29.852Z],[16069],[INFO],[async->async->process_processTicksAndRejections->getContext],[Remote URL: https://github.com/cpdata/antigravity-toggle-talk-android-app.git]
[2026-06-02T00:48:31.719Z],[16069],[INFO],[process_processTicksAndRejections->Command_<anonymous>->TaskService_resolveEffectiveAssignment->DatabaseManager_getTask],[Fetching task: TdW49R]
[2026-06-02T00:48:31.723Z],[16069],[INFO],[process_processTicksAndRejections->Command_<anonymous>->TaskService_isTaskBlocked->DatabaseManager_getTask],[Fetching task: TdW49R]
[2026-06-02T00:48:39.820Z],[16251],[INFO],[async->async->getContext],[Project root: /data/data/com.termux/files/home/ToggleTalkAndroid]
[2026-06-02T00:48:39.972Z],[16251],[INFO],[async->async->getContext],[Resolved repo path: /data/data/com.termux/files/home/ToggleTalkAndroid]
[2026-06-02T00:48:40.121Z],[16251],[INFO],[async->async->getContext],[Resolved username: main-agent]
[2026-06-02T00:48:44.100Z],[16251],[INFO],[async->async->getContext->DatabaseManager_init],[Initializing DatabaseManager with path /data/data/com.termux/files/home/ToggleTalkAndroid/.task-cli-worktree/.task-cli-cache.db]
[2026-06-02T00:48:44.979Z],[16251],[INFO],[async->async->process_processTicksAndRejections->getContext],[Remote URL: https://github.com/cpdata/antigravity-toggle-talk-android-app.git]
[2026-06-02T00:48:47.227Z],[16251],[INFO],[async->process_processTicksAndRejections->TaskService_claimSpecificTask->DatabaseManager_getTask],[Fetching task: TdW49R]
[2026-06-02T00:48:47.260Z],[16251],[INFO],[process_processTicksAndRejections->TaskService_claimSpecificTask->TaskService_resolveEffectiveAssignment->DatabaseManager_getTask],[Fetching task: TdW49R]
[2026-06-02T00:48:47.263Z],[16251],[INFO],[process_processTicksAndRejections->TaskService_claimSpecificTask->TaskService_isTaskBlocked->DatabaseManager_getTask],[Fetching task: TdW49R]
[2026-06-02T00:48:47.293Z],[16251],[INFO],[process_processTicksAndRejections->TaskService_claimSpecificTask->TaskService_updateTaskInternal->DatabaseManager_getTask],[Fetching task: TdW49R]
[2026-06-02T00:49:19.168Z],[16795],[INFO],[async->async->getContext],[Project root: /data/data/com.termux/files/home/ToggleTalkAndroid]
[2026-06-02T00:49:19.261Z],[16795],[INFO],[async->async->getContext],[Resolved repo path: /data/data/com.termux/files/home/ToggleTalkAndroid]
[2026-06-02T00:49:19.347Z],[16795],[INFO],[async->async->getContext],[Resolved username: main-agent]
[2026-06-02T00:49:19.421Z],[16795],[INFO],[async->async->getContext->DatabaseManager_init],[Initializing DatabaseManager with path /data/data/com.termux/files/home/ToggleTalkAndroid/.task-cli-worktree/.task-cli-cache.db]
[2026-06-02T00:49:20.119Z],[16795],[INFO],[async->async->process_processTicksAndRejections->getContext],[Remote URL: https://github.com/cpdata/antigravity-toggle-talk-android-app.git]
[2026-06-02T00:49:20.173Z],[16795],[INFO],[async->process_processTicksAndRejections->TaskService_claimSpecificTask->DatabaseManager_getTask],[Fetching task: TdW49R]
[2026-06-02T00:49:20.191Z],[16795],[INFO],[process_processTicksAndRejections->TaskService_claimSpecificTask->TaskService_resolveEffectiveAssignment->DatabaseManager_getTask],[Fetching task: TdW49R]
[2026-06-02T00:49:20.219Z],[16795],[INFO],[process_processTicksAndRejections->TaskService_claimSpecificTask->TaskService_isTaskBlocked->DatabaseManager_getTask],[Fetching task: TdW49R]
[2026-06-02T00:49:20.224Z],[16795],[INFO],[process_processTicksAndRejections->TaskService_claimSpecificTask->TaskService_updateTaskInternal->DatabaseManager_getTask],[Fetching task: TdW49R]
[2026-06-02T00:49:20.300Z],[16795],[DEBUG],[async->async->GitManager_commitAndPush->GlobalLogger_debug],[Sync lock active; waiting for push...]
[2026-06-02T00:49:42.200Z],[16892],[INFO],[async->async->getContext],[Project root: /data/data/com.termux/files/home/ToggleTalkAndroid]
[2026-06-02T00:49:42.401Z],[16892],[INFO],[async->async->getContext],[Resolved repo path: /data/data/com.termux/files/home/ToggleTalkAndroid]
[2026-06-02T00:49:42.420Z],[16892],[INFO],[async->async->getContext],[Resolved username: main-agent]
[2026-06-02T00:49:43.125Z],[16892],[DEBUG],[async->async->GitManager_pull->GlobalLogger_debug],[Sync lock active; skipping pull]
[2026-06-02T00:49:43.128Z],[16892],[INFO],[async->async->getContext->DatabaseManager_init],[Initializing DatabaseManager with path /data/data/com.termux/files/home/ToggleTalkAndroid/.task-cli-worktree/.task-cli-cache.db]
[2026-06-02T00:49:43.838Z],[16892],[INFO],[async->async->process_processTicksAndRejections->getContext],[Remote URL: https://github.com/cpdata/antigravity-toggle-talk-android-app.git]
[2026-06-02T00:50:05.812Z],[17025],[INFO],[async->async->getContext],[Project root: /data/data/com.termux/files/home/ToggleTalkAndroid]
[2026-06-02T00:50:05.872Z],[17025],[INFO],[async->async->getContext],[Resolved repo path: /data/data/com.termux/files/home/ToggleTalkAndroid]
[2026-06-02T00:50:05.887Z],[17025],[INFO],[async->async->getContext],[Resolved username: main-agent]
[2026-06-02T00:50:05.959Z],[17025],[INFO],[async->async->getContext->DatabaseManager_init],[Initializing DatabaseManager with path /data/data/com.termux/files/home/ToggleTalkAndroid/.task-cli-worktree/.task-cli-cache.db]
[2026-06-02T00:50:06.580Z],[17025],[INFO],[async->async->process_processTicksAndRejections->getContext],[Remote URL: https://github.com/cpdata/antigravity-toggle-talk-android-app.git]
[2026-06-02T00:50:21.309Z],[17077],[INFO],[async->async->getContext],[Project root: /data/data/com.termux/files/home/ToggleTalkAndroid]
[2026-06-02T00:50:21.359Z],[17077],[INFO],[async->async->getContext],[Resolved repo path: /data/data/com.termux/files/home/ToggleTalkAndroid]
[2026-06-02T00:50:21.371Z],[17077],[INFO],[async->async->getContext],[Resolved username: main-agent]
[2026-06-02T00:50:21.467Z],[17077],[INFO],[async->async->getContext->DatabaseManager_init],[Initializing DatabaseManager with path /data/data/com.termux/files/home/ToggleTalkAndroid/.task-cli-worktree/.task-cli-cache.db]
[2026-06-02T00:50:21.899Z],[17077],[INFO],[async->async->getContext],[Remote URL: https://github.com/cpdata/antigravity-toggle-talk-android-app.git]
[2026-06-02T00:50:26.294Z],[17108],[INFO],[async->async->getContext],[Project root: /data/data/com.termux/files/home/ToggleTalkAndroid]
[2026-06-02T00:50:26.350Z],[17108],[INFO],[async->async->getContext],[Resolved repo path: /data/data/com.termux/files/home/ToggleTalkAndroid]
[2026-06-02T00:50:26.363Z],[17108],[INFO],[async->async->getContext],[Resolved username: main-agent]
[2026-06-02T00:50:26.450Z],[17108],[INFO],[async->async->getContext->DatabaseManager_init],[Initializing DatabaseManager with path /data/data/com.termux/files/home/ToggleTalkAndroid/.task-cli-worktree/.task-cli-cache.db]
[2026-06-02T00:50:26.877Z],[17108],[INFO],[async->async->getContext],[Remote URL: https://github.com/cpdata/antigravity-toggle-talk-android-app.git]
[2026-06-02T00:50:26.906Z],[17108],[INFO],[async->async->TaskService_getTask->DatabaseManager_getTask],[Fetching task: TdW49R]
[2026-06-02T00:50:26.911Z],[17108],[INFO],[async->Command_<anonymous>->TaskService_resolveEffectiveAssignment->DatabaseManager_getTask],[Fetching task: TdW49R]
[2026-06-02T00:50:43.777Z],[17245],[INFO],[async->async->getContext],[Project root: /data/data/com.termux/files/home/ToggleTalkAndroid]
[2026-06-02T00:50:43.819Z],[17245],[INFO],[async->async->getContext],[Resolved repo path: /data/data/com.termux/files/home/ToggleTalkAndroid]
[2026-06-02T00:50:43.830Z],[17245],[INFO],[async->async->getContext],[Resolved username: main-agent]
[2026-06-02T00:50:45.221Z],[17245],[INFO],[async->async->getContext->DatabaseManager_init],[Initializing DatabaseManager with path /data/data/com.termux/files/home/ToggleTalkAndroid/.task-cli-worktree/.task-cli-cache.db]
[2026-06-02T00:50:45.608Z],[17245],[INFO],[async->async->getContext],[Remote URL: https://github.com/cpdata/antigravity-toggle-talk-android-app.git]
[2026-06-02T00:50:46.819Z],[17245],[INFO],[async->async->TaskService_getTask->DatabaseManager_getTask],[Fetching task: TdW49R]
[2026-06-02T00:50:46.824Z],[17245],[INFO],[async->Command_<anonymous>->TaskService_resolveEffectiveAssignment->DatabaseManager_getTask],[Fetching task: TdW49R]
[2026-06-02T00:52:59.340Z],[17995],[INFO],[async->async->getContext],[Project root: /data/data/com.termux/files/home/ToggleTalkAndroid]
[2026-06-02T00:52:59.370Z],[17995],[ERROR],[async->async->getContext->GlobalLogger_error],[ENAMETOOLONG: name too long; stat "Successfully moved mic button to bottom settings layout; reduced size of button to 64dp and outer rings to 140dp; left-aligned the continue conversation checkbox; and moved the conversation log card to fill the upper portion of the screen below the header."]
[2026-06-02T00:54:19.272Z],[18577],[INFO],[async->async->getContext],[Project root: /data/data/com.termux/files/home/ToggleTalkAndroid]
[2026-06-02T00:54:19.360Z],[18577],[INFO],[async->async->getContext],[Resolved repo path: /data/data/com.termux/files/home/ToggleTalkAndroid]
[2026-06-02T00:54:19.364Z],[18577],[INFO],[async->async->getContext],[Resolved username: main-agent]
[2026-06-02T00:54:20.348Z],[18577],[INFO],[async->async->getContext->DatabaseManager_init],[Initializing DatabaseManager with path /data/data/com.termux/files/home/ToggleTalkAndroid/.task-cli-worktree/.task-cli-cache.db]
[2026-06-02T00:54:20.516Z],[18577],[INFO],[async->async->getContext],[Remote URL: https://github.com/cpdata/antigravity-toggle-talk-android-app.git]
[2026-06-02T00:55:16.115Z],[18999],[INFO],[async->async->getContext],[Project root: /data/data/com.termux/files/home/ToggleTalkAndroid]
[2026-06-02T00:55:16.157Z],[18999],[INFO],[async->async->getContext],[Resolved repo path: /data/data/com.termux/files/home/ToggleTalkAndroid]
[2026-06-02T00:55:16.168Z],[18999],[INFO],[async->async->getContext],[Resolved username: main-agent]
[2026-06-02T00:55:17.855Z],[18999],[INFO],[async->async->getContext->DatabaseManager_init],[Initializing DatabaseManager with path /data/data/com.termux/files/home/ToggleTalkAndroid/.task-cli-worktree/.task-cli-cache.db]
[2026-06-02T00:55:18.324Z],[18999],[INFO],[async->async->process_processTicksAndRejections->getContext],[Remote URL: https://github.com/cpdata/antigravity-toggle-talk-android-app.git]
[2026-06-02T00:55:24.345Z],[19161],[INFO],[async->async->getContext],[Project root: /data/data/com.termux/files/home/ToggleTalkAndroid]
[2026-06-02T00:55:24.404Z],[19161],[INFO],[async->async->getContext],[Resolved repo path: /data/data/com.termux/files/home/ToggleTalkAndroid]
[2026-06-02T00:55:24.421Z],[19161],[INFO],[async->async->getContext],[Resolved username: main-agent]
[2026-06-02T00:55:25.754Z],[19161],[INFO],[async->async->getContext->DatabaseManager_init],[Initializing DatabaseManager with path /data/data/com.termux/files/home/ToggleTalkAndroid/.task-cli-worktree/.task-cli-cache.db]
[2026-06-02T00:55:26.129Z],[19161],[INFO],[async->async->getContext],[Remote URL: https://github.com/cpdata/antigravity-toggle-talk-android-app.git]
[2026-06-02T00:55:27.184Z],[19161],[INFO],[async->process_processTicksAndRejections->TaskService_getTask->DatabaseManager_getTask],[Fetching task: TdW49R]
[2026-06-02T00:55:27.191Z],[19161],[INFO],[process_processTicksAndRejections->Command_<anonymous>->TaskService_resolveEffectiveAssignment->DatabaseManager_getTask],[Fetching task: TdW49R]
